if { [catch {vsimulink rsr -t 1ns -novopt  } errmsg] } {
    echo "Loading simulation and HDL Verifier library failed."; 
    echo $errmsg; 
    quit -f; 
}
# vsim -foreign {simlinkserver {C:/MATLAB/R2014a/toolbox/edalink/extensions/modelsim/windows64/liblfmhdls_gcc450.dll}  ; -batch  ; -socket 52418 } -t 1ns -novopt rsr 
# //  ModelSim SE-64 10.1c Jul 28 2012 
# //
# //  Copyright 1991-2012 Mentor Graphics Corporation
# //  All Rights Reserved.
# //
# //  THIS WORK CONTAINS TRADE SECRET AND PROPRIETARY INFORMATION
# //  WHICH IS THE PROPERTY OF MENTOR GRAPHICS CORPORATION OR ITS
# //  LICENSORS AND IS SUBJECT TO LICENSE TERMS.
# //
# Loading std.standard
# Refreshing C:/Users/z68j959/Documents/GitHub/EELE466/rsrt_verification/work.rsr(rsr_arch)
# Loading std.textio(body)
# Loading ieee.std_logic_1164(body)
# Loading ieee.std_logic_arith(body)
# Loading ieee.std_logic_unsigned(body)
# Loading work.rsr(rsr_arch)
# Refreshing C:/Users/z68j959/Documents/GitHub/EELE466/rsrt_verification/work.init_guess(init_guess_arch)
# Loading ieee.numeric_std(body)
# Loading work.init_guess(init_guess_arch)
# Refreshing C:/Users/z68j959/Documents/GitHub/EELE466/rsrt_verification/work.lzc(behavioral)
# Loading work.lzc(behavioral)
# Refreshing C:/Users/z68j959/Documents/GitHub/EELE466/rsrt_verification/work.lookup(lookup_arch)
# Loading work.lookup(lookup_arch)
# Refreshing C:/Users/z68j959/Documents/GitHub/EELE466/rsrt_verification/work.iterate(iterate_arch)
# Loading work.iterate(iterate_arch)
# Loading C:/MATLAB/R2014a/toolbox/edalink/extensions/modelsim/windows64/liblfmhdls_gcc450.dll
# ************************************************************************
# HDL server has been started in batch mode. The HDL simulator will be 
# blocked until Simulink starts cosimulation. If you do not want to run
# in batch mode, restart the HDL simulator in a different run mode. To 
# exit the HDL simulator without running a cosimulation session, issue 
# the breakHdlSim('52418') command in MATLAB.

# 
# <EOF> 
