if { [catch {vsimulink madgwick_seqments -t 1ns -novopt  } errmsg] } {
    echo "Loading simulation and HDL Verifier library failed."; 
    echo $errmsg; 
    quit -f; 
}
# vsim -foreign {simlinkserver {C:/MATLAB/R2014a/toolbox/edalink/extensions/modelsim/windows64/liblfmhdls_gcc450.dll}  ; -batch  ; -socket 50007 } -t 1ns -novopt madgwick_seqments 
# //  ModelSim SE-64 10.1c Jul 28 2012 
# //
# //  Copyright 1991-2012 Mentor Graphics Corporation
# //  All Rights Reserved.
# //
# //  THIS WORK CONTAINS TRADE SECRET AND PROPRIETARY INFORMATION
# //  WHICH IS THE PROPERTY OF MENTOR GRAPHICS CORPORATION OR ITS
# //  LICENSORS AND IS SUBJECT TO LICENSE TERMS.
# //
# Loading std.standard
# Refreshing C:/Users/z68j959/Documents/GitHub/EELE466/Madgwick_verification/work.madgwick_seqments(madgwick_seqments_arch)
# Loading std.textio(body)
# Loading ieee.std_logic_1164(body)
# Loading ieee.numeric_std(body)
# Loading work.madgwick_seqments(madgwick_seqments_arch)
# Loading madgwick_qdot.madgwick_qdot_fixpt_pac
# Loading madgwick_qdot.madgwick_qdot_fixpt(rtl)
# Loading madgwick_qdot.madgwick_qdot_fixpt_enb_bypa(rtl)
# Loading madgwick_qdot.madgwick_qdot_fixpt_tc(rtl)
# Loading madgwick_qdot.mux1_serializer(rtl)
# Loading madgwick_qdot.alpha0_deserializer(rtl)
# Loading madgwick_qdot.mux1_serializer_block(rtl)
# Loading madgwick_qdot.alpha0_deserializer_block(rtl)
# Loading madgwick_normalize.madgwick_normalize_fixpt_pac
# Loading madgwick_normalize.madgwick_normalize_fixpt(rtl)
# Loading madgwick_correction.madgwick_correction_fixpt_pac
# Loading madgwick_correction.madgwick_correction_fixpt(rtl)
# Loading madgwick_correction.madgwick_correction_fixpt_en(rtl)
# Loading madgwick_correction.madgwick_correction_fixpt_tc(rtl)
# Loading madgwick_correction.mux1_serializer(rtl)
# Loading madgwick_correction.alpha0_deserializer(rtl)
# Loading madgwick_correction.mux1_serializer_block1(rtl)
# Loading madgwick_correction.alpha0_deserializer_block1(rtl)
# Loading madgwick_correction.mux1_serializer_block9(rtl)
# Loading madgwick_correction.mux1_serializer_block10(rtl)
# Loading madgwick_correction.alpha0_deserializer_block8(rtl)
# Loading madgwick_correction.mux1_serializer_block12(rtl)
# Loading madgwick_correction.alpha0_deserializer_block10(rtl)
# Loading madgwick_correction.mux1_serializer_block3(rtl)
# Loading madgwick_correction.mux1_serializer_block(rtl)
# Loading madgwick_correction.alpha0_deserializer_block3(rtl)
# Loading madgwick_correction.mux1_serializer_block2(rtl)
# Loading madgwick_correction.alpha0_deserializer_block2(rtl)
# Loading madgwick_correction.mux1_serializer_block4(rtl)
# Loading madgwick_correction.alpha0_deserializer_block4(rtl)
# Loading madgwick_correction.mux1_serializer_block5(rtl)
# Loading madgwick_correction.alpha0_deserializer_block5(rtl)
# Loading madgwick_correction.alpha0_deserializer_block(rtl)
# Loading madgwick_correction.mux1_serializer_block14(rtl)
# Loading madgwick_correction.alpha0_deserializer_block14(rtl)
# Loading madgwick_correction.mux1_serializer_block6(rtl)
# Loading madgwick_correction.mux1_serializer_block7(rtl)
# Loading madgwick_correction.alpha0_deserializer_block6(rtl)
# Loading madgwick_correction.mux1_serializer_block13(rtl)
# Loading madgwick_correction.alpha0_deserializer_block11(rtl)
# Loading madgwick_correction.mux1_serializer_block19(rtl)
# Loading madgwick_correction.mux1_serializer_block15(rtl)
# Loading madgwick_correction.alpha0_deserializer_block20(rtl)
# Loading madgwick_correction.mux1_serializer_block17(rtl)
# Loading madgwick_correction.alpha0_deserializer_block15(rtl)
# Loading madgwick_correction.mux1_serializer_block29(rtl)
# Loading madgwick_correction.mux1_serializer_block24(rtl)
# Loading madgwick_correction.alpha0_deserializer_block28(rtl)
# Loading madgwick_correction.alpha0_deserializer_block18(rtl)
# Loading madgwick_correction.mux1_serializer_block20(rtl)
# Loading madgwick_correction.alpha0_deserializer_block21(rtl)
# Loading madgwick_correction.mux1_serializer_block21(rtl)
# Loading madgwick_correction.alpha0_deserializer_block22(rtl)
# Loading madgwick_correction.alpha0_deserializer_block19(rtl)
# Loading madgwick_correction.mux1_serializer_block16(rtl)
# Loading madgwick_correction.alpha0_deserializer_block13(rtl)
# Loading madgwick_correction.mux1_serializer_block26(rtl)
# Loading madgwick_correction.mux1_serializer_block27(rtl)
# Loading madgwick_correction.alpha0_deserializer_block26(rtl)
# Loading madgwick_correction.alpha0_deserializer_block17(rtl)
# Loading madgwick_correction.alpha0_deserializer_block12(rtl)
# Loading madgwick_correction.mux1_serializer_block23(rtl)
# Loading madgwick_correction.alpha0_deserializer_block24(rtl)
# Loading madgwick_correction.mux1_serializer_block8(rtl)
# Loading madgwick_correction.alpha0_deserializer_block7(rtl)
# Loading madgwick_correction.mux1_serializer_block11(rtl)
# Loading madgwick_correction.alpha0_deserializer_block9(rtl)
# Loading madgwick_correction.mux1_serializer_block18(rtl)
# Loading madgwick_correction.alpha0_deserializer_block16(rtl)
# Loading madgwick_correction.mux1_serializer_block25(rtl)
# Loading madgwick_correction.alpha0_deserializer_block25(rtl)
# Loading madgwick_correction.mux1_serializer_block22(rtl)
# Loading madgwick_correction.alpha0_deserializer_block23(rtl)
# Loading madgwick_correction.mux1_serializer_block28(rtl)
# Loading madgwick_correction.alpha0_deserializer_block27(rtl)
# Loading madgwick_update.madgwick_update_fixpt_pac
# Loading madgwick_update.madgwick_update_fixpt(rtl)
# Loading madgwick_update.madgwick_update_fixpt_enb_by(rtl)
# Loading madgwick_update.madgwick_update_fixpt_tc(rtl)
# Loading madgwick_update.mux1_serializer(rtl)
# Loading madgwick_update.alpha0_deserializer(rtl)
# Loading C:/MATLAB/R2014a/toolbox/edalink/extensions/modelsim/windows64/liblfmhdls_gcc450.dll
# ************************************************************************
# HDL server has been started in batch mode. The HDL simulator will be 
# blocked until Simulink starts cosimulation. If you do not want to run
# in batch mode, restart the HDL simulator in a different run mode. To 
# exit the HDL simulator without running a cosimulation session, issue 
# the breakHdlSim('50007') command in MATLAB.

# 
# <EOF> 
