TimeQuest Timing Analyzer report for DE2_Board_top_level
Tue Jan 27 12:43:50 2015
Quartus II 64-Bit Version 13.0.1 Build 232 06/12/2013 Service Pack 1 SJ Full Version


---------------------
; Table of Contents ;
---------------------
  1. Legal Notice
  2. TimeQuest Timing Analyzer Summary
  3. Parallel Compilation
  4. Clocks
  5. Slow Model Fmax Summary
  6. Slow Model Setup Summary
  7. Slow Model Hold Summary
  8. Slow Model Recovery Summary
  9. Slow Model Removal Summary
 10. Slow Model Minimum Pulse Width Summary
 11. Propagation Delay
 12. Minimum Propagation Delay
 13. Fast Model Setup Summary
 14. Fast Model Hold Summary
 15. Fast Model Recovery Summary
 16. Fast Model Removal Summary
 17. Fast Model Minimum Pulse Width Summary
 18. Propagation Delay
 19. Minimum Propagation Delay
 20. Multicorner Timing Analysis Summary
 21. Progagation Delay
 22. Minimum Progagation Delay
 23. Clock Transfers
 24. Report TCCS
 25. Report RSKM
 26. Unconstrained Paths
 27. TimeQuest Timing Analyzer Messages



----------------
; Legal Notice ;
----------------
Copyright (C) 1991-2013 Altera Corporation
Your use of Altera Corporation's design tools, logic functions 
and other software and tools, and its AMPP partner logic 
functions, and any output files from any of the foregoing 
(including device programming or simulation files), and any 
associated documentation or information are expressly subject 
to the terms and conditions of the Altera Program License 
Subscription Agreement, Altera MegaCore Function License 
Agreement, or other applicable license agreement, including, 
without limitation, that your use is for the sole purpose of 
programming logic devices manufactured by Altera and sold by 
Altera or its authorized distributors.  Please refer to the 
applicable agreement for further details.



+-----------------------------------------------------------------------------------------+
; TimeQuest Timing Analyzer Summary                                                       ;
+--------------------+--------------------------------------------------------------------+
; Quartus II Version ; Version 13.0.1 Build 232 06/12/2013 Service Pack 1 SJ Full Version ;
; Revision Name      ; DE2_Board_top_level                                                ;
; Device Family      ; Cyclone II                                                         ;
; Device Name        ; EP2C35F672C6                                                       ;
; Timing Models      ; Final                                                              ;
; Delay Model        ; Combined                                                           ;
; Rise/Fall Delays   ; Unavailable                                                        ;
+--------------------+--------------------------------------------------------------------+


+------------------------------------------+
; Parallel Compilation                     ;
+----------------------------+-------------+
; Processors                 ; Number      ;
+----------------------------+-------------+
; Number detected on machine ; 8           ;
; Maximum allowed            ; 4           ;
;                            ;             ;
; Average used               ; 1.00        ;
; Maximum used               ; 1           ;
;                            ;             ;
; Usage by Processor         ; % Time Used ;
;     Processor 1            ; 100.0%      ;
;     Processors 2-8         ;   0.0%      ;
+----------------------------+-------------+


----------
; Clocks ;
----------
No clocks to report.


---------------------------
; Slow Model Fmax Summary ;
---------------------------
No paths to report.


----------------------------
; Slow Model Setup Summary ;
----------------------------
No paths to report.


---------------------------
; Slow Model Hold Summary ;
---------------------------
No paths to report.


-------------------------------
; Slow Model Recovery Summary ;
-------------------------------
No paths to report.


------------------------------
; Slow Model Removal Summary ;
------------------------------
No paths to report.


------------------------------------------
; Slow Model Minimum Pulse Width Summary ;
------------------------------------------
No paths to report.


+--------------------------------------------------------------+
; Propagation Delay                                            ;
+------------+-------------+--------+--------+--------+--------+
; Input Port ; Output Port ; RR     ; RF     ; FR     ; FF     ;
+------------+-------------+--------+--------+--------+--------+
; SW[0]      ; LEDR[0]     ; 5.616  ;        ;        ; 5.616  ;
; SW[1]      ; LEDR[1]     ; 5.677  ;        ;        ; 5.677  ;
; SW[2]      ; LEDR[2]     ; 5.135  ;        ;        ; 5.135  ;
; SW[3]      ; LEDR[3]     ; 5.425  ;        ;        ; 5.425  ;
; SW[4]      ; LEDR[4]     ; 5.280  ;        ;        ; 5.280  ;
; SW[5]      ; LEDR[5]     ; 5.702  ;        ;        ; 5.702  ;
; SW[6]      ; LEDR[6]     ; 5.338  ;        ;        ; 5.338  ;
; SW[7]      ; LEDR[7]     ; 6.279  ;        ;        ; 6.279  ;
; SW[8]      ; LEDR[8]     ; 5.868  ;        ;        ; 5.868  ;
; SW[9]      ; LEDR[9]     ; 6.210  ;        ;        ; 6.210  ;
; SW[10]     ; HEX0[0]     ; 6.915  ; 6.915  ; 6.915  ; 6.915  ;
; SW[10]     ; HEX0[1]     ; 6.890  ; 6.890  ; 6.890  ; 6.890  ;
; SW[10]     ; HEX0[2]     ;        ; 6.903  ; 6.903  ;        ;
; SW[10]     ; HEX0[3]     ; 6.676  ; 6.676  ; 6.676  ; 6.676  ;
; SW[10]     ; HEX0[4]     ; 6.673  ;        ;        ; 6.673  ;
; SW[10]     ; HEX0[5]     ; 6.654  ;        ;        ; 6.654  ;
; SW[10]     ; HEX0[6]     ; 6.659  ; 6.659  ; 6.659  ; 6.659  ;
; SW[10]     ; LEDR[10]    ; 5.682  ;        ;        ; 5.682  ;
; SW[11]     ; HEX0[0]     ; 10.514 ; 10.514 ; 10.514 ; 10.514 ;
; SW[11]     ; HEX0[1]     ; 10.491 ; 10.491 ; 10.491 ; 10.491 ;
; SW[11]     ; HEX0[2]     ; 10.505 ; 10.505 ; 10.505 ; 10.505 ;
; SW[11]     ; HEX0[3]     ; 10.279 ; 10.279 ; 10.279 ; 10.279 ;
; SW[11]     ; HEX0[4]     ; 10.277 ; 10.277 ; 10.277 ; 10.277 ;
; SW[11]     ; HEX0[5]     ; 10.253 ; 10.253 ; 10.253 ; 10.253 ;
; SW[11]     ; HEX0[6]     ; 10.261 ; 10.261 ; 10.261 ; 10.261 ;
; SW[11]     ; HEX1[0]     ; 10.435 ; 10.435 ; 10.435 ; 10.435 ;
; SW[11]     ; HEX1[1]     ; 10.445 ; 10.445 ; 10.445 ; 10.445 ;
; SW[11]     ; HEX1[2]     ;        ; 10.250 ; 10.250 ;        ;
; SW[11]     ; HEX1[3]     ; 10.255 ; 10.255 ; 10.255 ; 10.255 ;
; SW[11]     ; HEX1[4]     ; 10.231 ;        ;        ; 10.231 ;
; SW[11]     ; HEX1[5]     ; 9.980  ;        ;        ; 9.980  ;
; SW[11]     ; HEX1[6]     ; 10.007 ; 10.007 ; 10.007 ; 10.007 ;
; SW[11]     ; LEDR[11]    ; 5.639  ;        ;        ; 5.639  ;
; SW[12]     ; HEX0[0]     ; 13.680 ; 13.680 ; 13.680 ; 13.680 ;
; SW[12]     ; HEX0[1]     ; 13.657 ; 13.657 ; 13.657 ; 13.657 ;
; SW[12]     ; HEX0[2]     ; 13.671 ; 13.671 ; 13.671 ; 13.671 ;
; SW[12]     ; HEX0[3]     ; 13.445 ; 13.445 ; 13.445 ; 13.445 ;
; SW[12]     ; HEX0[4]     ; 13.443 ; 13.443 ; 13.443 ; 13.443 ;
; SW[12]     ; HEX0[5]     ; 13.419 ; 13.419 ; 13.419 ; 13.419 ;
; SW[12]     ; HEX0[6]     ; 13.427 ; 13.427 ; 13.427 ; 13.427 ;
; SW[12]     ; HEX1[0]     ; 15.163 ; 15.163 ; 15.163 ; 15.163 ;
; SW[12]     ; HEX1[1]     ; 15.173 ; 15.173 ; 15.173 ; 15.173 ;
; SW[12]     ; HEX1[2]     ; 14.987 ; 14.987 ; 14.987 ; 14.987 ;
; SW[12]     ; HEX1[3]     ; 14.983 ; 14.983 ; 14.983 ; 14.983 ;
; SW[12]     ; HEX1[4]     ; 14.957 ; 14.957 ; 14.957 ; 14.957 ;
; SW[12]     ; HEX1[5]     ; 14.719 ; 14.719 ; 14.719 ; 14.719 ;
; SW[12]     ; HEX1[6]     ; 14.735 ; 14.735 ; 14.735 ; 14.735 ;
; SW[12]     ; HEX2[0]     ; 9.857  ;        ;        ; 9.857  ;
; SW[12]     ; HEX2[2]     ;        ; 9.824  ; 9.824  ;        ;
; SW[12]     ; HEX2[3]     ; 9.855  ;        ;        ; 9.855  ;
; SW[12]     ; HEX2[4]     ; 9.954  ;        ;        ; 9.954  ;
; SW[12]     ; HEX2[5]     ; 10.759 ;        ;        ; 10.759 ;
; SW[12]     ; LEDR[12]    ; 5.701  ;        ;        ; 5.701  ;
; SW[13]     ; HEX0[0]     ; 20.473 ; 20.473 ; 20.473 ; 20.473 ;
; SW[13]     ; HEX0[1]     ; 20.450 ; 20.450 ; 20.450 ; 20.450 ;
; SW[13]     ; HEX0[2]     ; 20.464 ; 20.464 ; 20.464 ; 20.464 ;
; SW[13]     ; HEX0[3]     ; 20.238 ; 20.238 ; 20.238 ; 20.238 ;
; SW[13]     ; HEX0[4]     ; 20.236 ; 20.236 ; 20.236 ; 20.236 ;
; SW[13]     ; HEX0[5]     ; 20.212 ; 20.212 ; 20.212 ; 20.212 ;
; SW[13]     ; HEX0[6]     ; 20.220 ; 20.220 ; 20.220 ; 20.220 ;
; SW[13]     ; HEX1[0]     ; 21.907 ; 21.907 ; 21.907 ; 21.907 ;
; SW[13]     ; HEX1[1]     ; 21.917 ; 21.917 ; 21.917 ; 21.917 ;
; SW[13]     ; HEX1[2]     ; 21.731 ; 21.731 ; 21.731 ; 21.731 ;
; SW[13]     ; HEX1[3]     ; 21.727 ; 21.727 ; 21.727 ; 21.727 ;
; SW[13]     ; HEX1[4]     ; 21.701 ; 21.701 ; 21.701 ; 21.701 ;
; SW[13]     ; HEX1[5]     ; 21.463 ; 21.463 ; 21.463 ; 21.463 ;
; SW[13]     ; HEX1[6]     ; 21.479 ; 21.479 ; 21.479 ; 21.479 ;
; SW[13]     ; HEX2[0]     ; 15.492 ; 15.436 ; 15.436 ; 15.492 ;
; SW[13]     ; HEX2[2]     ; 15.403 ; 15.459 ; 15.459 ; 15.403 ;
; SW[13]     ; HEX2[3]     ; 15.490 ; 15.434 ; 15.434 ; 15.490 ;
; SW[13]     ; HEX2[4]     ; 15.589 ; 15.533 ; 15.533 ; 15.589 ;
; SW[13]     ; HEX2[5]     ; 16.394 ; 16.338 ; 16.338 ; 16.394 ;
; SW[13]     ; HEX2[6]     ;        ; 13.508 ; 13.508 ;        ;
; SW[13]     ; LEDR[13]    ; 9.620  ;        ;        ; 9.620  ;
; SW[14]     ; HEX0[0]     ; 23.603 ; 23.603 ; 23.603 ; 23.603 ;
; SW[14]     ; HEX0[1]     ; 23.580 ; 23.580 ; 23.580 ; 23.580 ;
; SW[14]     ; HEX0[2]     ; 23.594 ; 23.594 ; 23.594 ; 23.594 ;
; SW[14]     ; HEX0[3]     ; 23.368 ; 23.368 ; 23.368 ; 23.368 ;
; SW[14]     ; HEX0[4]     ; 23.366 ; 23.366 ; 23.366 ; 23.366 ;
; SW[14]     ; HEX0[5]     ; 23.342 ; 23.342 ; 23.342 ; 23.342 ;
; SW[14]     ; HEX0[6]     ; 23.350 ; 23.350 ; 23.350 ; 23.350 ;
; SW[14]     ; HEX1[0]     ; 24.305 ; 24.305 ; 24.305 ; 24.305 ;
; SW[14]     ; HEX1[1]     ; 24.315 ; 24.315 ; 24.315 ; 24.315 ;
; SW[14]     ; HEX1[2]     ; 24.129 ; 24.129 ; 24.129 ; 24.129 ;
; SW[14]     ; HEX1[3]     ; 24.125 ; 24.125 ; 24.125 ; 24.125 ;
; SW[14]     ; HEX1[4]     ; 24.099 ; 24.099 ; 24.099 ; 24.099 ;
; SW[14]     ; HEX1[5]     ; 23.861 ; 23.861 ; 23.861 ; 23.861 ;
; SW[14]     ; HEX1[6]     ; 23.877 ; 23.877 ; 23.877 ; 23.877 ;
; SW[14]     ; HEX2[0]     ; 15.152 ; 15.096 ; 15.096 ; 15.152 ;
; SW[14]     ; HEX2[2]     ; 15.063 ; 15.119 ; 15.119 ; 15.063 ;
; SW[14]     ; HEX2[3]     ; 15.150 ; 15.094 ; 15.094 ; 15.150 ;
; SW[14]     ; HEX2[4]     ; 15.249 ; 15.193 ; 15.193 ; 15.249 ;
; SW[14]     ; HEX2[5]     ; 16.054 ; 15.998 ; 15.998 ; 16.054 ;
; SW[14]     ; HEX2[6]     ;        ; 13.168 ; 13.168 ;        ;
; SW[14]     ; LEDR[14]    ; 9.660  ;        ;        ; 9.660  ;
; SW[15]     ; HEX0[0]     ; 24.787 ; 24.787 ; 24.787 ; 24.787 ;
; SW[15]     ; HEX0[1]     ; 24.764 ; 24.764 ; 24.764 ; 24.764 ;
; SW[15]     ; HEX0[2]     ; 24.778 ; 24.778 ; 24.778 ; 24.778 ;
; SW[15]     ; HEX0[3]     ; 24.552 ; 24.552 ; 24.552 ; 24.552 ;
; SW[15]     ; HEX0[4]     ; 24.550 ; 24.550 ; 24.550 ; 24.550 ;
; SW[15]     ; HEX0[5]     ; 24.526 ; 24.526 ; 24.526 ; 24.526 ;
; SW[15]     ; HEX0[6]     ; 24.534 ; 24.534 ; 24.534 ; 24.534 ;
; SW[15]     ; HEX1[0]     ; 26.432 ; 26.432 ; 26.432 ; 26.432 ;
; SW[15]     ; HEX1[1]     ; 26.442 ; 26.442 ; 26.442 ; 26.442 ;
; SW[15]     ; HEX1[2]     ; 26.256 ; 26.256 ; 26.256 ; 26.256 ;
; SW[15]     ; HEX1[3]     ; 26.252 ; 26.252 ; 26.252 ; 26.252 ;
; SW[15]     ; HEX1[4]     ; 26.226 ; 26.226 ; 26.226 ; 26.226 ;
; SW[15]     ; HEX1[5]     ; 25.988 ; 25.988 ; 25.988 ; 25.988 ;
; SW[15]     ; HEX1[6]     ; 26.004 ; 26.004 ; 26.004 ; 26.004 ;
; SW[15]     ; HEX2[0]     ; 15.082 ; 15.026 ; 15.026 ; 15.082 ;
; SW[15]     ; HEX2[2]     ; 14.993 ; 15.049 ; 15.049 ; 14.993 ;
; SW[15]     ; HEX2[3]     ; 15.080 ; 15.024 ; 15.024 ; 15.080 ;
; SW[15]     ; HEX2[4]     ; 15.179 ; 15.123 ; 15.123 ; 15.179 ;
; SW[15]     ; HEX2[5]     ; 15.984 ; 15.928 ; 15.928 ; 15.984 ;
; SW[15]     ; HEX2[6]     ;        ; 13.098 ; 13.098 ;        ;
; SW[15]     ; LEDR[15]    ; 9.940  ;        ;        ; 9.940  ;
; SW[16]     ; HEX0[0]     ; 25.237 ; 25.237 ; 25.237 ; 25.237 ;
; SW[16]     ; HEX0[1]     ; 25.214 ; 25.214 ; 25.214 ; 25.214 ;
; SW[16]     ; HEX0[2]     ; 25.228 ; 25.228 ; 25.228 ; 25.228 ;
; SW[16]     ; HEX0[3]     ; 25.002 ; 25.002 ; 25.002 ; 25.002 ;
; SW[16]     ; HEX0[4]     ; 25.000 ; 25.000 ; 25.000 ; 25.000 ;
; SW[16]     ; HEX0[5]     ; 24.976 ; 24.976 ; 24.976 ; 24.976 ;
; SW[16]     ; HEX0[6]     ; 24.984 ; 24.984 ; 24.984 ; 24.984 ;
; SW[16]     ; HEX1[0]     ; 25.877 ; 25.877 ; 25.877 ; 25.877 ;
; SW[16]     ; HEX1[1]     ; 25.887 ; 25.887 ; 25.887 ; 25.887 ;
; SW[16]     ; HEX1[2]     ; 25.701 ; 25.701 ; 25.701 ; 25.701 ;
; SW[16]     ; HEX1[3]     ; 25.697 ; 25.697 ; 25.697 ; 25.697 ;
; SW[16]     ; HEX1[4]     ; 25.671 ; 25.671 ; 25.671 ; 25.671 ;
; SW[16]     ; HEX1[5]     ; 25.433 ; 25.433 ; 25.433 ; 25.433 ;
; SW[16]     ; HEX1[6]     ; 25.449 ; 25.449 ; 25.449 ; 25.449 ;
; SW[16]     ; HEX2[0]     ; 14.967 ; 14.911 ; 14.911 ; 14.967 ;
; SW[16]     ; HEX2[2]     ; 14.878 ; 14.934 ; 14.934 ; 14.878 ;
; SW[16]     ; HEX2[3]     ; 14.965 ; 14.909 ; 14.909 ; 14.965 ;
; SW[16]     ; HEX2[4]     ; 15.064 ; 15.008 ; 15.008 ; 15.064 ;
; SW[16]     ; HEX2[5]     ; 15.869 ; 15.813 ; 15.813 ; 15.869 ;
; SW[16]     ; HEX2[6]     ;        ; 12.983 ; 12.983 ;        ;
; SW[16]     ; LEDR[16]    ; 9.943  ;        ;        ; 9.943  ;
; SW[17]     ; HEX0[0]     ; 25.010 ; 25.010 ; 25.010 ; 25.010 ;
; SW[17]     ; HEX0[1]     ; 24.987 ; 24.987 ; 24.987 ; 24.987 ;
; SW[17]     ; HEX0[2]     ; 25.001 ; 25.001 ; 25.001 ; 25.001 ;
; SW[17]     ; HEX0[3]     ; 24.775 ; 24.775 ; 24.775 ; 24.775 ;
; SW[17]     ; HEX0[4]     ; 24.773 ; 24.773 ; 24.773 ; 24.773 ;
; SW[17]     ; HEX0[5]     ; 24.749 ; 24.749 ; 24.749 ; 24.749 ;
; SW[17]     ; HEX0[6]     ; 24.757 ; 24.757 ; 24.757 ; 24.757 ;
; SW[17]     ; HEX1[0]     ; 25.700 ; 25.700 ; 25.700 ; 25.700 ;
; SW[17]     ; HEX1[1]     ; 25.710 ; 25.710 ; 25.710 ; 25.710 ;
; SW[17]     ; HEX1[2]     ; 25.524 ; 25.524 ; 25.524 ; 25.524 ;
; SW[17]     ; HEX1[3]     ; 25.520 ; 25.520 ; 25.520 ; 25.520 ;
; SW[17]     ; HEX1[4]     ; 25.494 ; 25.494 ; 25.494 ; 25.494 ;
; SW[17]     ; HEX1[5]     ; 25.256 ; 25.256 ; 25.256 ; 25.256 ;
; SW[17]     ; HEX1[6]     ; 25.272 ; 25.272 ; 25.272 ; 25.272 ;
; SW[17]     ; HEX2[0]     ; 14.872 ; 14.816 ; 14.816 ; 14.872 ;
; SW[17]     ; HEX2[2]     ; 14.783 ; 14.839 ; 14.839 ; 14.783 ;
; SW[17]     ; HEX2[3]     ; 14.870 ; 14.814 ; 14.814 ; 14.870 ;
; SW[17]     ; HEX2[4]     ; 14.969 ; 14.913 ; 14.913 ; 14.969 ;
; SW[17]     ; HEX2[5]     ; 15.774 ; 15.718 ; 15.718 ; 15.774 ;
; SW[17]     ; HEX2[6]     ;        ; 12.888 ; 12.888 ;        ;
; SW[17]     ; LEDR[17]    ; 9.629  ;        ;        ; 9.629  ;
+------------+-------------+--------+--------+--------+--------+


+--------------------------------------------------------------+
; Minimum Propagation Delay                                    ;
+------------+-------------+--------+--------+--------+--------+
; Input Port ; Output Port ; RR     ; RF     ; FR     ; FF     ;
+------------+-------------+--------+--------+--------+--------+
; SW[0]      ; LEDR[0]     ; 5.616  ;        ;        ; 5.616  ;
; SW[1]      ; LEDR[1]     ; 5.677  ;        ;        ; 5.677  ;
; SW[2]      ; LEDR[2]     ; 5.135  ;        ;        ; 5.135  ;
; SW[3]      ; LEDR[3]     ; 5.425  ;        ;        ; 5.425  ;
; SW[4]      ; LEDR[4]     ; 5.280  ;        ;        ; 5.280  ;
; SW[5]      ; LEDR[5]     ; 5.702  ;        ;        ; 5.702  ;
; SW[6]      ; LEDR[6]     ; 5.338  ;        ;        ; 5.338  ;
; SW[7]      ; LEDR[7]     ; 6.279  ;        ;        ; 6.279  ;
; SW[8]      ; LEDR[8]     ; 5.868  ;        ;        ; 5.868  ;
; SW[9]      ; LEDR[9]     ; 6.210  ;        ;        ; 6.210  ;
; SW[10]     ; HEX0[0]     ; 6.915  ; 6.915  ; 6.915  ; 6.915  ;
; SW[10]     ; HEX0[1]     ; 6.890  ; 6.890  ; 6.890  ; 6.890  ;
; SW[10]     ; HEX0[2]     ;        ; 6.903  ; 6.903  ;        ;
; SW[10]     ; HEX0[3]     ; 6.676  ; 6.676  ; 6.676  ; 6.676  ;
; SW[10]     ; HEX0[4]     ; 6.673  ;        ;        ; 6.673  ;
; SW[10]     ; HEX0[5]     ; 6.654  ;        ;        ; 6.654  ;
; SW[10]     ; HEX0[6]     ; 6.659  ; 6.659  ; 6.659  ; 6.659  ;
; SW[10]     ; LEDR[10]    ; 5.682  ;        ;        ; 5.682  ;
; SW[11]     ; HEX0[0]     ; 8.239  ; 8.239  ; 8.239  ; 8.239  ;
; SW[11]     ; HEX0[1]     ; 8.216  ; 8.216  ; 8.216  ; 8.216  ;
; SW[11]     ; HEX0[2]     ; 8.230  ; 9.117  ; 9.117  ; 8.230  ;
; SW[11]     ; HEX0[3]     ; 8.002  ; 8.002  ; 8.002  ; 8.002  ;
; SW[11]     ; HEX0[4]     ; 8.887  ; 8.000  ; 8.000  ; 8.887  ;
; SW[11]     ; HEX0[5]     ; 7.978  ; 7.978  ; 7.978  ; 7.978  ;
; SW[11]     ; HEX0[6]     ; 7.984  ; 7.984  ; 7.984  ; 7.984  ;
; SW[11]     ; HEX1[0]     ; 10.433 ; 10.433 ; 10.433 ; 10.433 ;
; SW[11]     ; HEX1[1]     ; 10.443 ; 10.443 ; 10.443 ; 10.443 ;
; SW[11]     ; HEX1[2]     ;        ; 10.248 ; 10.248 ;        ;
; SW[11]     ; HEX1[3]     ; 10.253 ; 10.253 ; 10.253 ; 10.253 ;
; SW[11]     ; HEX1[4]     ; 10.229 ;        ;        ; 10.229 ;
; SW[11]     ; HEX1[5]     ; 9.978  ;        ;        ; 9.978  ;
; SW[11]     ; HEX1[6]     ; 10.005 ; 10.005 ; 10.005 ; 10.005 ;
; SW[11]     ; LEDR[11]    ; 5.639  ;        ;        ; 5.639  ;
; SW[12]     ; HEX0[0]     ; 8.909  ; 8.909  ; 8.909  ; 8.909  ;
; SW[12]     ; HEX0[1]     ; 8.885  ; 10.028 ; 10.028 ; 8.885  ;
; SW[12]     ; HEX0[2]     ; 8.899  ; 8.899  ; 8.899  ; 8.899  ;
; SW[12]     ; HEX0[3]     ; 8.667  ; 8.667  ; 8.667  ; 8.667  ;
; SW[12]     ; HEX0[4]     ; 8.665  ; 8.665  ; 8.665  ; 8.665  ;
; SW[12]     ; HEX0[5]     ; 8.649  ; 8.649  ; 8.649  ; 8.649  ;
; SW[12]     ; HEX0[6]     ; 8.654  ; 8.654  ; 8.654  ; 8.654  ;
; SW[12]     ; HEX1[0]     ; 10.747 ; 10.747 ; 10.747 ; 10.747 ;
; SW[12]     ; HEX1[1]     ; 10.757 ; 10.757 ; 10.757 ; 10.757 ;
; SW[12]     ; HEX1[2]     ; 11.467 ; 10.562 ; 10.562 ; 11.467 ;
; SW[12]     ; HEX1[3]     ; 10.567 ; 10.567 ; 10.567 ; 10.567 ;
; SW[12]     ; HEX1[4]     ; 10.543 ; 11.448 ; 11.448 ; 10.543 ;
; SW[12]     ; HEX1[5]     ; 10.292 ; 11.197 ; 11.197 ; 10.292 ;
; SW[12]     ; HEX1[6]     ; 10.319 ; 10.319 ; 10.319 ; 10.319 ;
; SW[12]     ; HEX2[0]     ; 9.809  ;        ;        ; 9.809  ;
; SW[12]     ; HEX2[2]     ;        ; 9.776  ; 9.776  ;        ;
; SW[12]     ; HEX2[3]     ; 9.807  ;        ;        ; 9.807  ;
; SW[12]     ; HEX2[4]     ; 9.906  ;        ;        ; 9.906  ;
; SW[12]     ; HEX2[5]     ; 10.711 ;        ;        ; 10.711 ;
; SW[12]     ; LEDR[12]    ; 5.701  ;        ;        ; 5.701  ;
; SW[13]     ; HEX0[0]     ; 13.016 ; 13.016 ; 13.016 ; 13.016 ;
; SW[13]     ; HEX0[1]     ; 12.993 ; 12.993 ; 12.993 ; 12.993 ;
; SW[13]     ; HEX0[2]     ; 13.007 ; 13.007 ; 13.007 ; 13.007 ;
; SW[13]     ; HEX0[3]     ; 12.781 ; 12.781 ; 12.781 ; 12.781 ;
; SW[13]     ; HEX0[4]     ; 13.786 ; 12.779 ; 12.779 ; 13.786 ;
; SW[13]     ; HEX0[5]     ; 12.755 ; 12.755 ; 12.755 ; 12.755 ;
; SW[13]     ; HEX0[6]     ; 12.763 ; 12.763 ; 12.763 ; 12.763 ;
; SW[13]     ; HEX1[0]     ; 14.081 ; 14.081 ; 14.081 ; 14.081 ;
; SW[13]     ; HEX1[1]     ; 14.091 ; 14.091 ; 14.091 ; 14.091 ;
; SW[13]     ; HEX1[2]     ; 15.105 ; 13.896 ; 13.896 ; 15.105 ;
; SW[13]     ; HEX1[3]     ; 13.901 ; 13.901 ; 13.901 ; 13.901 ;
; SW[13]     ; HEX1[4]     ; 13.877 ; 15.086 ; 15.086 ; 13.877 ;
; SW[13]     ; HEX1[5]     ; 13.626 ; 14.835 ; 14.835 ; 13.626 ;
; SW[13]     ; HEX1[6]     ; 13.653 ; 13.653 ; 13.653 ; 13.653 ;
; SW[13]     ; HEX2[0]     ; 13.696 ; 13.573 ; 13.573 ; 13.696 ;
; SW[13]     ; HEX2[2]     ; 13.496 ; 13.663 ; 13.663 ; 13.496 ;
; SW[13]     ; HEX2[3]     ; 13.694 ; 13.571 ; 13.571 ; 13.694 ;
; SW[13]     ; HEX2[4]     ; 13.793 ; 14.727 ; 14.727 ; 13.793 ;
; SW[13]     ; HEX2[5]     ; 14.473 ; 15.532 ; 15.532 ; 14.473 ;
; SW[13]     ; HEX2[6]     ;        ; 13.508 ; 13.508 ;        ;
; SW[13]     ; LEDR[13]    ; 9.620  ;        ;        ; 9.620  ;
; SW[14]     ; HEX0[0]     ; 15.251 ; 15.251 ; 15.251 ; 15.251 ;
; SW[14]     ; HEX0[1]     ; 15.230 ; 15.227 ; 15.227 ; 15.230 ;
; SW[14]     ; HEX0[2]     ; 15.241 ; 15.241 ; 15.241 ; 15.241 ;
; SW[14]     ; HEX0[3]     ; 15.009 ; 15.009 ; 15.009 ; 15.009 ;
; SW[14]     ; HEX0[4]     ; 15.007 ; 15.007 ; 15.007 ; 15.007 ;
; SW[14]     ; HEX0[5]     ; 14.991 ; 14.991 ; 14.991 ; 14.991 ;
; SW[14]     ; HEX0[6]     ; 14.996 ; 14.996 ; 14.996 ; 14.996 ;
; SW[14]     ; HEX1[0]     ; 15.355 ; 15.355 ; 15.355 ; 15.355 ;
; SW[14]     ; HEX1[1]     ; 15.365 ; 15.365 ; 15.365 ; 15.365 ;
; SW[14]     ; HEX1[2]     ; 15.463 ; 15.170 ; 15.170 ; 15.463 ;
; SW[14]     ; HEX1[3]     ; 15.175 ; 15.175 ; 15.175 ; 15.175 ;
; SW[14]     ; HEX1[4]     ; 15.151 ; 15.444 ; 15.444 ; 15.151 ;
; SW[14]     ; HEX1[5]     ; 14.900 ; 15.193 ; 15.193 ; 14.900 ;
; SW[14]     ; HEX1[6]     ; 14.927 ; 14.927 ; 14.927 ; 14.927 ;
; SW[14]     ; HEX2[0]     ; 13.621 ; 13.233 ; 13.233 ; 13.621 ;
; SW[14]     ; HEX2[2]     ; 13.156 ; 13.588 ; 13.588 ; 13.156 ;
; SW[14]     ; HEX2[3]     ; 13.619 ; 13.231 ; 13.231 ; 13.619 ;
; SW[14]     ; HEX2[4]     ; 13.718 ; 14.496 ; 14.496 ; 13.718 ;
; SW[14]     ; HEX2[5]     ; 14.133 ; 15.301 ; 15.301 ; 14.133 ;
; SW[14]     ; HEX2[6]     ;        ; 13.168 ; 13.168 ;        ;
; SW[14]     ; LEDR[14]    ; 9.660  ;        ;        ; 9.660  ;
; SW[15]     ; HEX0[0]     ; 15.392 ; 15.392 ; 15.392 ; 15.392 ;
; SW[15]     ; HEX0[1]     ; 15.369 ; 15.369 ; 15.369 ; 15.369 ;
; SW[15]     ; HEX0[2]     ; 15.383 ; 15.383 ; 15.383 ; 15.383 ;
; SW[15]     ; HEX0[3]     ; 15.157 ; 15.157 ; 15.157 ; 15.157 ;
; SW[15]     ; HEX0[4]     ; 15.155 ; 15.155 ; 15.155 ; 15.155 ;
; SW[15]     ; HEX0[5]     ; 15.131 ; 15.131 ; 15.131 ; 15.131 ;
; SW[15]     ; HEX0[6]     ; 15.139 ; 15.139 ; 15.139 ; 15.139 ;
; SW[15]     ; HEX1[0]     ; 16.474 ; 16.474 ; 16.474 ; 16.474 ;
; SW[15]     ; HEX1[1]     ; 16.484 ; 16.484 ; 16.484 ; 16.484 ;
; SW[15]     ; HEX1[2]     ; 16.298 ; 16.298 ; 16.298 ; 16.298 ;
; SW[15]     ; HEX1[3]     ; 16.294 ; 16.294 ; 16.294 ; 16.294 ;
; SW[15]     ; HEX1[4]     ; 16.446 ; 16.268 ; 16.268 ; 16.446 ;
; SW[15]     ; HEX1[5]     ; 16.030 ; 16.030 ; 16.030 ; 16.030 ;
; SW[15]     ; HEX1[6]     ; 16.046 ; 16.046 ; 16.046 ; 16.046 ;
; SW[15]     ; HEX2[0]     ; 13.477 ; 13.163 ; 13.163 ; 13.477 ;
; SW[15]     ; HEX2[2]     ; 13.086 ; 13.444 ; 13.444 ; 13.086 ;
; SW[15]     ; HEX2[3]     ; 13.475 ; 13.161 ; 13.161 ; 13.475 ;
; SW[15]     ; HEX2[4]     ; 13.574 ; 14.364 ; 14.364 ; 13.574 ;
; SW[15]     ; HEX2[5]     ; 14.063 ; 15.169 ; 15.169 ; 14.063 ;
; SW[15]     ; HEX2[6]     ;        ; 13.098 ; 13.098 ;        ;
; SW[15]     ; LEDR[15]    ; 9.940  ;        ;        ; 9.940  ;
; SW[16]     ; HEX0[0]     ; 15.870 ; 15.870 ; 15.870 ; 15.870 ;
; SW[16]     ; HEX0[1]     ; 15.847 ; 15.847 ; 15.847 ; 15.847 ;
; SW[16]     ; HEX0[2]     ; 15.861 ; 15.861 ; 15.861 ; 15.861 ;
; SW[16]     ; HEX0[3]     ; 15.635 ; 15.635 ; 15.635 ; 15.635 ;
; SW[16]     ; HEX0[4]     ; 15.633 ; 15.633 ; 15.633 ; 15.633 ;
; SW[16]     ; HEX0[5]     ; 15.609 ; 15.609 ; 15.609 ; 15.609 ;
; SW[16]     ; HEX0[6]     ; 15.617 ; 15.617 ; 15.617 ; 15.617 ;
; SW[16]     ; HEX1[0]     ; 16.071 ; 16.071 ; 16.071 ; 16.071 ;
; SW[16]     ; HEX1[1]     ; 16.081 ; 16.081 ; 16.081 ; 16.081 ;
; SW[16]     ; HEX1[2]     ; 16.019 ; 15.886 ; 15.886 ; 16.019 ;
; SW[16]     ; HEX1[3]     ; 15.891 ; 15.891 ; 15.891 ; 15.891 ;
; SW[16]     ; HEX1[4]     ; 15.867 ; 15.989 ; 15.989 ; 15.867 ;
; SW[16]     ; HEX1[5]     ; 15.616 ; 15.751 ; 15.751 ; 15.616 ;
; SW[16]     ; HEX1[6]     ; 15.643 ; 15.643 ; 15.643 ; 15.643 ;
; SW[16]     ; HEX2[0]     ; 13.525 ; 13.048 ; 13.048 ; 13.525 ;
; SW[16]     ; HEX2[2]     ; 12.971 ; 13.492 ; 13.492 ; 12.971 ;
; SW[16]     ; HEX2[3]     ; 13.523 ; 13.046 ; 13.046 ; 13.523 ;
; SW[16]     ; HEX2[4]     ; 13.622 ; 14.406 ; 14.406 ; 13.622 ;
; SW[16]     ; HEX2[5]     ; 13.948 ; 15.211 ; 15.211 ; 13.948 ;
; SW[16]     ; HEX2[6]     ;        ; 12.983 ; 12.983 ;        ;
; SW[16]     ; LEDR[16]    ; 9.943  ;        ;        ; 9.943  ;
; SW[17]     ; HEX0[0]     ; 15.845 ; 15.845 ; 15.845 ; 15.845 ;
; SW[17]     ; HEX0[1]     ; 15.822 ; 15.822 ; 15.822 ; 15.822 ;
; SW[17]     ; HEX0[2]     ; 15.836 ; 15.836 ; 15.836 ; 15.836 ;
; SW[17]     ; HEX0[3]     ; 15.610 ; 15.610 ; 15.610 ; 15.610 ;
; SW[17]     ; HEX0[4]     ; 15.608 ; 15.608 ; 15.608 ; 15.608 ;
; SW[17]     ; HEX0[5]     ; 15.584 ; 15.584 ; 15.584 ; 15.584 ;
; SW[17]     ; HEX0[6]     ; 15.592 ; 15.592 ; 15.592 ; 15.592 ;
; SW[17]     ; HEX1[0]     ; 16.214 ; 16.214 ; 16.214 ; 16.214 ;
; SW[17]     ; HEX1[1]     ; 16.224 ; 16.224 ; 16.224 ; 16.224 ;
; SW[17]     ; HEX1[2]     ; 16.038 ; 16.038 ; 16.038 ; 16.038 ;
; SW[17]     ; HEX1[3]     ; 16.034 ; 16.034 ; 16.034 ; 16.034 ;
; SW[17]     ; HEX1[4]     ; 16.178 ; 16.008 ; 16.008 ; 16.178 ;
; SW[17]     ; HEX1[5]     ; 15.770 ; 15.770 ; 15.770 ; 15.770 ;
; SW[17]     ; HEX1[6]     ; 15.786 ; 15.786 ; 15.786 ; 15.786 ;
; SW[17]     ; HEX2[0]     ; 13.352 ; 12.953 ; 12.953 ; 13.352 ;
; SW[17]     ; HEX2[2]     ; 12.876 ; 13.319 ; 13.319 ; 12.876 ;
; SW[17]     ; HEX2[3]     ; 13.350 ; 12.951 ; 12.951 ; 13.350 ;
; SW[17]     ; HEX2[4]     ; 13.449 ; 14.555 ; 14.555 ; 13.449 ;
; SW[17]     ; HEX2[5]     ; 13.853 ; 15.360 ; 15.360 ; 13.853 ;
; SW[17]     ; HEX2[6]     ;        ; 12.888 ; 12.888 ;        ;
; SW[17]     ; LEDR[17]    ; 9.629  ;        ;        ; 9.629  ;
+------------+-------------+--------+--------+--------+--------+


----------------------------
; Fast Model Setup Summary ;
----------------------------
No paths to report.


---------------------------
; Fast Model Hold Summary ;
---------------------------
No paths to report.


-------------------------------
; Fast Model Recovery Summary ;
-------------------------------
No paths to report.


------------------------------
; Fast Model Removal Summary ;
------------------------------
No paths to report.


------------------------------------------
; Fast Model Minimum Pulse Width Summary ;
------------------------------------------
No paths to report.


+--------------------------------------------------------------+
; Propagation Delay                                            ;
+------------+-------------+--------+--------+--------+--------+
; Input Port ; Output Port ; RR     ; RF     ; FR     ; FF     ;
+------------+-------------+--------+--------+--------+--------+
; SW[0]      ; LEDR[0]     ; 2.997  ;        ;        ; 2.997  ;
; SW[1]      ; LEDR[1]     ; 3.025  ;        ;        ; 3.025  ;
; SW[2]      ; LEDR[2]     ; 2.794  ;        ;        ; 2.794  ;
; SW[3]      ; LEDR[3]     ; 2.915  ;        ;        ; 2.915  ;
; SW[4]      ; LEDR[4]     ; 2.842  ;        ;        ; 2.842  ;
; SW[5]      ; LEDR[5]     ; 3.060  ;        ;        ; 3.060  ;
; SW[6]      ; LEDR[6]     ; 2.870  ;        ;        ; 2.870  ;
; SW[7]      ; LEDR[7]     ; 3.431  ;        ;        ; 3.431  ;
; SW[8]      ; LEDR[8]     ; 3.208  ;        ;        ; 3.208  ;
; SW[9]      ; LEDR[9]     ; 3.381  ;        ;        ; 3.381  ;
; SW[10]     ; HEX0[0]     ; 3.638  ; 3.638  ; 3.638  ; 3.638  ;
; SW[10]     ; HEX0[1]     ; 3.611  ; 3.611  ; 3.611  ; 3.611  ;
; SW[10]     ; HEX0[2]     ;        ; 3.624  ; 3.624  ;        ;
; SW[10]     ; HEX0[3]     ; 3.525  ; 3.525  ; 3.525  ; 3.525  ;
; SW[10]     ; HEX0[4]     ; 3.528  ;        ;        ; 3.528  ;
; SW[10]     ; HEX0[5]     ; 3.502  ;        ;        ; 3.502  ;
; SW[10]     ; HEX0[6]     ; 3.509  ; 3.509  ; 3.509  ; 3.509  ;
; SW[10]     ; LEDR[10]    ; 3.099  ;        ;        ; 3.099  ;
; SW[11]     ; HEX0[0]     ; 5.228  ; 5.228  ; 5.228  ; 5.228  ;
; SW[11]     ; HEX0[1]     ; 5.199  ; 5.199  ; 5.199  ; 5.199  ;
; SW[11]     ; HEX0[2]     ; 5.212  ; 5.212  ; 5.212  ; 5.212  ;
; SW[11]     ; HEX0[3]     ; 5.114  ; 5.114  ; 5.114  ; 5.114  ;
; SW[11]     ; HEX0[4]     ; 5.114  ; 5.114  ; 5.114  ; 5.114  ;
; SW[11]     ; HEX0[5]     ; 5.092  ; 5.092  ; 5.092  ; 5.092  ;
; SW[11]     ; HEX0[6]     ; 5.097  ; 5.097  ; 5.097  ; 5.097  ;
; SW[11]     ; HEX1[0]     ; 5.249  ; 5.249  ; 5.249  ; 5.249  ;
; SW[11]     ; HEX1[1]     ; 5.250  ; 5.250  ; 5.250  ; 5.250  ;
; SW[11]     ; HEX1[2]     ;        ; 5.100  ; 5.100  ;        ;
; SW[11]     ; HEX1[3]     ; 5.105  ; 5.105  ; 5.105  ; 5.105  ;
; SW[11]     ; HEX1[4]     ; 5.100  ;        ;        ; 5.100  ;
; SW[11]     ; HEX1[5]     ; 4.984  ;        ;        ; 4.984  ;
; SW[11]     ; HEX1[6]     ; 5.011  ; 5.011  ; 5.011  ; 5.011  ;
; SW[11]     ; LEDR[11]    ; 3.067  ;        ;        ; 3.067  ;
; SW[12]     ; HEX0[0]     ; 6.628  ; 6.628  ; 6.628  ; 6.628  ;
; SW[12]     ; HEX0[1]     ; 6.599  ; 6.599  ; 6.599  ; 6.599  ;
; SW[12]     ; HEX0[2]     ; 6.612  ; 6.612  ; 6.612  ; 6.612  ;
; SW[12]     ; HEX0[3]     ; 6.514  ; 6.514  ; 6.514  ; 6.514  ;
; SW[12]     ; HEX0[4]     ; 6.514  ; 6.514  ; 6.514  ; 6.514  ;
; SW[12]     ; HEX0[5]     ; 6.492  ; 6.492  ; 6.492  ; 6.492  ;
; SW[12]     ; HEX0[6]     ; 6.497  ; 6.497  ; 6.497  ; 6.497  ;
; SW[12]     ; HEX1[0]     ; 7.293  ; 7.293  ; 7.293  ; 7.293  ;
; SW[12]     ; HEX1[1]     ; 7.294  ; 7.294  ; 7.294  ; 7.294  ;
; SW[12]     ; HEX1[2]     ; 7.151  ; 7.151  ; 7.151  ; 7.151  ;
; SW[12]     ; HEX1[3]     ; 7.151  ; 7.151  ; 7.151  ; 7.151  ;
; SW[12]     ; HEX1[4]     ; 7.147  ; 7.147  ; 7.147  ; 7.147  ;
; SW[12]     ; HEX1[5]     ; 7.037  ; 7.037  ; 7.037  ; 7.037  ;
; SW[12]     ; HEX1[6]     ; 7.052  ; 7.052  ; 7.052  ; 7.052  ;
; SW[12]     ; HEX2[0]     ; 4.939  ;        ;        ; 4.939  ;
; SW[12]     ; HEX2[2]     ;        ; 4.956  ; 4.956  ;        ;
; SW[12]     ; HEX2[3]     ; 4.947  ;        ;        ; 4.947  ;
; SW[12]     ; HEX2[4]     ; 4.989  ;        ;        ; 4.989  ;
; SW[12]     ; HEX2[5]     ; 5.310  ;        ;        ; 5.310  ;
; SW[12]     ; LEDR[12]    ; 3.113  ;        ;        ; 3.113  ;
; SW[13]     ; HEX0[0]     ; 10.264 ; 10.264 ; 10.264 ; 10.264 ;
; SW[13]     ; HEX0[1]     ; 10.235 ; 10.235 ; 10.235 ; 10.235 ;
; SW[13]     ; HEX0[2]     ; 10.248 ; 10.248 ; 10.248 ; 10.248 ;
; SW[13]     ; HEX0[3]     ; 10.150 ; 10.150 ; 10.150 ; 10.150 ;
; SW[13]     ; HEX0[4]     ; 10.150 ; 10.150 ; 10.150 ; 10.150 ;
; SW[13]     ; HEX0[5]     ; 10.128 ; 10.128 ; 10.128 ; 10.128 ;
; SW[13]     ; HEX0[6]     ; 10.133 ; 10.133 ; 10.133 ; 10.133 ;
; SW[13]     ; HEX1[0]     ; 10.874 ; 10.874 ; 10.874 ; 10.874 ;
; SW[13]     ; HEX1[1]     ; 10.875 ; 10.875 ; 10.875 ; 10.875 ;
; SW[13]     ; HEX1[2]     ; 10.732 ; 10.732 ; 10.732 ; 10.732 ;
; SW[13]     ; HEX1[3]     ; 10.732 ; 10.732 ; 10.732 ; 10.732 ;
; SW[13]     ; HEX1[4]     ; 10.728 ; 10.728 ; 10.728 ; 10.728 ;
; SW[13]     ; HEX1[5]     ; 10.618 ; 10.618 ; 10.618 ; 10.618 ;
; SW[13]     ; HEX1[6]     ; 10.633 ; 10.633 ; 10.633 ; 10.633 ;
; SW[13]     ; HEX2[0]     ; 8.086  ; 8.086  ; 8.086  ; 8.086  ;
; SW[13]     ; HEX2[2]     ; 8.103  ; 8.103  ; 8.103  ; 8.103  ;
; SW[13]     ; HEX2[3]     ; 8.094  ; 8.094  ; 8.094  ; 8.094  ;
; SW[13]     ; HEX2[4]     ; 8.136  ; 8.136  ; 8.136  ; 8.136  ;
; SW[13]     ; HEX2[5]     ; 8.457  ; 8.457  ; 8.457  ; 8.457  ;
; SW[13]     ; HEX2[6]     ;        ; 7.322  ; 7.322  ;        ;
; SW[13]     ; LEDR[13]    ; 5.508  ;        ;        ; 5.508  ;
; SW[14]     ; HEX0[0]     ; 11.625 ; 11.625 ; 11.625 ; 11.625 ;
; SW[14]     ; HEX0[1]     ; 11.596 ; 11.596 ; 11.596 ; 11.596 ;
; SW[14]     ; HEX0[2]     ; 11.609 ; 11.609 ; 11.609 ; 11.609 ;
; SW[14]     ; HEX0[3]     ; 11.511 ; 11.511 ; 11.511 ; 11.511 ;
; SW[14]     ; HEX0[4]     ; 11.511 ; 11.511 ; 11.511 ; 11.511 ;
; SW[14]     ; HEX0[5]     ; 11.489 ; 11.489 ; 11.489 ; 11.489 ;
; SW[14]     ; HEX0[6]     ; 11.494 ; 11.494 ; 11.494 ; 11.494 ;
; SW[14]     ; HEX1[0]     ; 11.917 ; 11.917 ; 11.917 ; 11.917 ;
; SW[14]     ; HEX1[1]     ; 11.918 ; 11.918 ; 11.918 ; 11.918 ;
; SW[14]     ; HEX1[2]     ; 11.775 ; 11.775 ; 11.775 ; 11.775 ;
; SW[14]     ; HEX1[3]     ; 11.775 ; 11.775 ; 11.775 ; 11.775 ;
; SW[14]     ; HEX1[4]     ; 11.771 ; 11.771 ; 11.771 ; 11.771 ;
; SW[14]     ; HEX1[5]     ; 11.661 ; 11.661 ; 11.661 ; 11.661 ;
; SW[14]     ; HEX1[6]     ; 11.676 ; 11.676 ; 11.676 ; 11.676 ;
; SW[14]     ; HEX2[0]     ; 7.921  ; 7.921  ; 7.921  ; 7.921  ;
; SW[14]     ; HEX2[2]     ; 7.938  ; 7.938  ; 7.938  ; 7.938  ;
; SW[14]     ; HEX2[3]     ; 7.929  ; 7.929  ; 7.929  ; 7.929  ;
; SW[14]     ; HEX2[4]     ; 7.971  ; 7.971  ; 7.971  ; 7.971  ;
; SW[14]     ; HEX2[5]     ; 8.292  ; 8.292  ; 8.292  ; 8.292  ;
; SW[14]     ; HEX2[6]     ;        ; 7.157  ; 7.157  ;        ;
; SW[14]     ; LEDR[14]    ; 5.540  ;        ;        ; 5.540  ;
; SW[15]     ; HEX0[0]     ; 12.100 ; 12.100 ; 12.100 ; 12.100 ;
; SW[15]     ; HEX0[1]     ; 12.071 ; 12.071 ; 12.071 ; 12.071 ;
; SW[15]     ; HEX0[2]     ; 12.084 ; 12.084 ; 12.084 ; 12.084 ;
; SW[15]     ; HEX0[3]     ; 11.986 ; 11.986 ; 11.986 ; 11.986 ;
; SW[15]     ; HEX0[4]     ; 11.986 ; 11.986 ; 11.986 ; 11.986 ;
; SW[15]     ; HEX0[5]     ; 11.964 ; 11.964 ; 11.964 ; 11.964 ;
; SW[15]     ; HEX0[6]     ; 11.969 ; 11.969 ; 11.969 ; 11.969 ;
; SW[15]     ; HEX1[0]     ; 12.852 ; 12.852 ; 12.852 ; 12.852 ;
; SW[15]     ; HEX1[1]     ; 12.853 ; 12.853 ; 12.853 ; 12.853 ;
; SW[15]     ; HEX1[2]     ; 12.710 ; 12.710 ; 12.710 ; 12.710 ;
; SW[15]     ; HEX1[3]     ; 12.710 ; 12.710 ; 12.710 ; 12.710 ;
; SW[15]     ; HEX1[4]     ; 12.706 ; 12.706 ; 12.706 ; 12.706 ;
; SW[15]     ; HEX1[5]     ; 12.596 ; 12.596 ; 12.596 ; 12.596 ;
; SW[15]     ; HEX1[6]     ; 12.611 ; 12.611 ; 12.611 ; 12.611 ;
; SW[15]     ; HEX2[0]     ; 7.875  ; 7.875  ; 7.875  ; 7.875  ;
; SW[15]     ; HEX2[2]     ; 7.892  ; 7.892  ; 7.892  ; 7.892  ;
; SW[15]     ; HEX2[3]     ; 7.883  ; 7.883  ; 7.883  ; 7.883  ;
; SW[15]     ; HEX2[4]     ; 7.925  ; 7.925  ; 7.925  ; 7.925  ;
; SW[15]     ; HEX2[5]     ; 8.246  ; 8.246  ; 8.246  ; 8.246  ;
; SW[15]     ; HEX2[6]     ;        ; 7.111  ; 7.111  ;        ;
; SW[15]     ; LEDR[15]    ; 5.673  ;        ;        ; 5.673  ;
; SW[16]     ; HEX0[0]     ; 12.307 ; 12.307 ; 12.307 ; 12.307 ;
; SW[16]     ; HEX0[1]     ; 12.278 ; 12.278 ; 12.278 ; 12.278 ;
; SW[16]     ; HEX0[2]     ; 12.291 ; 12.291 ; 12.291 ; 12.291 ;
; SW[16]     ; HEX0[3]     ; 12.193 ; 12.193 ; 12.193 ; 12.193 ;
; SW[16]     ; HEX0[4]     ; 12.193 ; 12.193 ; 12.193 ; 12.193 ;
; SW[16]     ; HEX0[5]     ; 12.171 ; 12.171 ; 12.171 ; 12.171 ;
; SW[16]     ; HEX0[6]     ; 12.176 ; 12.176 ; 12.176 ; 12.176 ;
; SW[16]     ; HEX1[0]     ; 12.592 ; 12.592 ; 12.592 ; 12.592 ;
; SW[16]     ; HEX1[1]     ; 12.593 ; 12.593 ; 12.593 ; 12.593 ;
; SW[16]     ; HEX1[2]     ; 12.450 ; 12.450 ; 12.450 ; 12.450 ;
; SW[16]     ; HEX1[3]     ; 12.450 ; 12.450 ; 12.450 ; 12.450 ;
; SW[16]     ; HEX1[4]     ; 12.446 ; 12.446 ; 12.446 ; 12.446 ;
; SW[16]     ; HEX1[5]     ; 12.336 ; 12.336 ; 12.336 ; 12.336 ;
; SW[16]     ; HEX1[6]     ; 12.351 ; 12.351 ; 12.351 ; 12.351 ;
; SW[16]     ; HEX2[0]     ; 7.828  ; 7.828  ; 7.828  ; 7.828  ;
; SW[16]     ; HEX2[2]     ; 7.845  ; 7.845  ; 7.845  ; 7.845  ;
; SW[16]     ; HEX2[3]     ; 7.836  ; 7.836  ; 7.836  ; 7.836  ;
; SW[16]     ; HEX2[4]     ; 7.878  ; 7.878  ; 7.878  ; 7.878  ;
; SW[16]     ; HEX2[5]     ; 8.199  ; 8.199  ; 8.199  ; 8.199  ;
; SW[16]     ; HEX2[6]     ;        ; 7.064  ; 7.064  ;        ;
; SW[16]     ; LEDR[16]    ; 5.680  ;        ;        ; 5.680  ;
; SW[17]     ; HEX0[0]     ; 12.180 ; 12.180 ; 12.180 ; 12.180 ;
; SW[17]     ; HEX0[1]     ; 12.151 ; 12.151 ; 12.151 ; 12.151 ;
; SW[17]     ; HEX0[2]     ; 12.164 ; 12.164 ; 12.164 ; 12.164 ;
; SW[17]     ; HEX0[3]     ; 12.066 ; 12.066 ; 12.066 ; 12.066 ;
; SW[17]     ; HEX0[4]     ; 12.066 ; 12.066 ; 12.066 ; 12.066 ;
; SW[17]     ; HEX0[5]     ; 12.044 ; 12.044 ; 12.044 ; 12.044 ;
; SW[17]     ; HEX0[6]     ; 12.049 ; 12.049 ; 12.049 ; 12.049 ;
; SW[17]     ; HEX1[0]     ; 12.507 ; 12.507 ; 12.507 ; 12.507 ;
; SW[17]     ; HEX1[1]     ; 12.508 ; 12.508 ; 12.508 ; 12.508 ;
; SW[17]     ; HEX1[2]     ; 12.365 ; 12.365 ; 12.365 ; 12.365 ;
; SW[17]     ; HEX1[3]     ; 12.365 ; 12.365 ; 12.365 ; 12.365 ;
; SW[17]     ; HEX1[4]     ; 12.361 ; 12.361 ; 12.361 ; 12.361 ;
; SW[17]     ; HEX1[5]     ; 12.251 ; 12.251 ; 12.251 ; 12.251 ;
; SW[17]     ; HEX1[6]     ; 12.266 ; 12.266 ; 12.266 ; 12.266 ;
; SW[17]     ; HEX2[0]     ; 7.781  ; 7.781  ; 7.781  ; 7.781  ;
; SW[17]     ; HEX2[2]     ; 7.798  ; 7.798  ; 7.798  ; 7.798  ;
; SW[17]     ; HEX2[3]     ; 7.789  ; 7.789  ; 7.789  ; 7.789  ;
; SW[17]     ; HEX2[4]     ; 7.831  ; 7.831  ; 7.831  ; 7.831  ;
; SW[17]     ; HEX2[5]     ; 8.152  ; 8.152  ; 8.152  ; 8.152  ;
; SW[17]     ; HEX2[6]     ;        ; 7.017  ; 7.017  ;        ;
; SW[17]     ; LEDR[17]    ; 5.526  ;        ;        ; 5.526  ;
+------------+-------------+--------+--------+--------+--------+


+----------------------------------------------------------+
; Minimum Propagation Delay                                ;
+------------+-------------+-------+-------+-------+-------+
; Input Port ; Output Port ; RR    ; RF    ; FR    ; FF    ;
+------------+-------------+-------+-------+-------+-------+
; SW[0]      ; LEDR[0]     ; 2.997 ;       ;       ; 2.997 ;
; SW[1]      ; LEDR[1]     ; 3.025 ;       ;       ; 3.025 ;
; SW[2]      ; LEDR[2]     ; 2.794 ;       ;       ; 2.794 ;
; SW[3]      ; LEDR[3]     ; 2.915 ;       ;       ; 2.915 ;
; SW[4]      ; LEDR[4]     ; 2.842 ;       ;       ; 2.842 ;
; SW[5]      ; LEDR[5]     ; 3.060 ;       ;       ; 3.060 ;
; SW[6]      ; LEDR[6]     ; 2.870 ;       ;       ; 2.870 ;
; SW[7]      ; LEDR[7]     ; 3.431 ;       ;       ; 3.431 ;
; SW[8]      ; LEDR[8]     ; 3.208 ;       ;       ; 3.208 ;
; SW[9]      ; LEDR[9]     ; 3.381 ;       ;       ; 3.381 ;
; SW[10]     ; HEX0[0]     ; 3.638 ; 3.638 ; 3.638 ; 3.638 ;
; SW[10]     ; HEX0[1]     ; 3.611 ; 3.611 ; 3.611 ; 3.611 ;
; SW[10]     ; HEX0[2]     ;       ; 3.624 ; 3.624 ;       ;
; SW[10]     ; HEX0[3]     ; 3.525 ; 3.525 ; 3.525 ; 3.525 ;
; SW[10]     ; HEX0[4]     ; 3.528 ;       ;       ; 3.528 ;
; SW[10]     ; HEX0[5]     ; 3.502 ;       ;       ; 3.502 ;
; SW[10]     ; HEX0[6]     ; 3.509 ; 3.509 ; 3.509 ; 3.509 ;
; SW[10]     ; LEDR[10]    ; 3.099 ;       ;       ; 3.099 ;
; SW[11]     ; HEX0[0]     ; 4.222 ; 4.222 ; 4.222 ; 4.222 ;
; SW[11]     ; HEX0[1]     ; 4.200 ; 4.200 ; 4.200 ; 4.200 ;
; SW[11]     ; HEX0[2]     ; 4.213 ; 4.605 ; 4.605 ; 4.213 ;
; SW[11]     ; HEX0[3]     ; 4.116 ; 4.116 ; 4.116 ; 4.116 ;
; SW[11]     ; HEX0[4]     ; 4.507 ; 4.115 ; 4.115 ; 4.507 ;
; SW[11]     ; HEX0[5]     ; 4.093 ; 4.093 ; 4.093 ; 4.093 ;
; SW[11]     ; HEX0[6]     ; 4.098 ; 4.098 ; 4.098 ; 4.098 ;
; SW[11]     ; HEX1[0]     ; 5.243 ; 5.243 ; 5.243 ; 5.243 ;
; SW[11]     ; HEX1[1]     ; 5.244 ; 5.244 ; 5.244 ; 5.244 ;
; SW[11]     ; HEX1[2]     ;       ; 5.094 ; 5.094 ;       ;
; SW[11]     ; HEX1[3]     ; 5.099 ; 5.099 ; 5.099 ; 5.099 ;
; SW[11]     ; HEX1[4]     ; 5.094 ;       ;       ; 5.094 ;
; SW[11]     ; HEX1[5]     ; 4.978 ;       ;       ; 4.978 ;
; SW[11]     ; HEX1[6]     ; 5.005 ; 5.005 ; 5.005 ; 5.005 ;
; SW[11]     ; LEDR[11]    ; 3.067 ;       ;       ; 3.067 ;
; SW[12]     ; HEX0[0]     ; 4.546 ; 4.546 ; 4.546 ; 4.546 ;
; SW[12]     ; HEX0[1]     ; 4.521 ; 5.019 ; 5.019 ; 4.521 ;
; SW[12]     ; HEX0[2]     ; 4.531 ; 4.531 ; 4.531 ; 4.531 ;
; SW[12]     ; HEX0[3]     ; 4.437 ; 4.437 ; 4.437 ; 4.437 ;
; SW[12]     ; HEX0[4]     ; 4.433 ; 4.433 ; 4.433 ; 4.433 ;
; SW[12]     ; HEX0[5]     ; 4.413 ; 4.413 ; 4.413 ; 4.413 ;
; SW[12]     ; HEX0[6]     ; 4.417 ; 4.417 ; 4.417 ; 4.417 ;
; SW[12]     ; HEX1[0]     ; 5.388 ; 5.388 ; 5.388 ; 5.388 ;
; SW[12]     ; HEX1[1]     ; 5.389 ; 5.389 ; 5.389 ; 5.389 ;
; SW[12]     ; HEX1[2]     ; 5.639 ; 5.239 ; 5.239 ; 5.639 ;
; SW[12]     ; HEX1[3]     ; 5.244 ; 5.244 ; 5.244 ; 5.244 ;
; SW[12]     ; HEX1[4]     ; 5.239 ; 5.639 ; 5.639 ; 5.239 ;
; SW[12]     ; HEX1[5]     ; 5.123 ; 5.523 ; 5.523 ; 5.123 ;
; SW[12]     ; HEX1[6]     ; 5.150 ; 5.150 ; 5.150 ; 5.150 ;
; SW[12]     ; HEX2[0]     ; 4.916 ;       ;       ; 4.916 ;
; SW[12]     ; HEX2[2]     ;       ; 4.933 ; 4.933 ;       ;
; SW[12]     ; HEX2[3]     ; 4.924 ;       ;       ; 4.924 ;
; SW[12]     ; HEX2[4]     ; 4.966 ;       ;       ; 4.966 ;
; SW[12]     ; HEX2[5]     ; 5.287 ;       ;       ; 5.287 ;
; SW[12]     ; LEDR[12]    ; 3.113 ;       ;       ; 3.113 ;
; SW[13]     ; HEX0[0]     ; 7.005 ; 7.005 ; 7.005 ; 7.005 ;
; SW[13]     ; HEX0[1]     ; 6.976 ; 6.976 ; 6.976 ; 6.976 ;
; SW[13]     ; HEX0[2]     ; 6.989 ; 6.989 ; 6.989 ; 6.989 ;
; SW[13]     ; HEX0[3]     ; 6.891 ; 6.891 ; 6.891 ; 6.891 ;
; SW[13]     ; HEX0[4]     ; 7.310 ; 6.891 ; 6.891 ; 7.310 ;
; SW[13]     ; HEX0[5]     ; 6.869 ; 6.869 ; 6.869 ; 6.869 ;
; SW[13]     ; HEX0[6]     ; 6.874 ; 6.874 ; 6.874 ; 6.874 ;
; SW[13]     ; HEX1[0]     ; 7.499 ; 7.499 ; 7.499 ; 7.499 ;
; SW[13]     ; HEX1[1]     ; 7.500 ; 7.500 ; 7.500 ; 7.500 ;
; SW[13]     ; HEX1[2]     ; 7.881 ; 7.350 ; 7.350 ; 7.881 ;
; SW[13]     ; HEX1[3]     ; 7.355 ; 7.355 ; 7.355 ; 7.355 ;
; SW[13]     ; HEX1[4]     ; 7.350 ; 7.881 ; 7.881 ; 7.350 ;
; SW[13]     ; HEX1[5]     ; 7.234 ; 7.765 ; 7.765 ; 7.234 ;
; SW[13]     ; HEX1[6]     ; 7.261 ; 7.261 ; 7.261 ; 7.261 ;
; SW[13]     ; HEX2[0]     ; 7.282 ; 7.272 ; 7.272 ; 7.282 ;
; SW[13]     ; HEX2[2]     ; 7.251 ; 7.299 ; 7.299 ; 7.251 ;
; SW[13]     ; HEX2[3]     ; 7.290 ; 7.280 ; 7.280 ; 7.290 ;
; SW[13]     ; HEX2[4]     ; 7.332 ; 7.768 ; 7.768 ; 7.332 ;
; SW[13]     ; HEX2[5]     ; 7.633 ; 8.089 ; 8.089 ; 7.633 ;
; SW[13]     ; HEX2[6]     ;       ; 7.322 ; 7.322 ;       ;
; SW[13]     ; LEDR[13]    ; 5.508 ;       ;       ; 5.508 ;
; SW[14]     ; HEX0[0]     ; 7.948 ; 7.948 ; 7.948 ; 7.948 ;
; SW[14]     ; HEX0[1]     ; 7.934 ; 7.923 ; 7.923 ; 7.934 ;
; SW[14]     ; HEX0[2]     ; 7.933 ; 7.933 ; 7.933 ; 7.933 ;
; SW[14]     ; HEX0[3]     ; 7.839 ; 7.839 ; 7.839 ; 7.839 ;
; SW[14]     ; HEX0[4]     ; 7.835 ; 7.835 ; 7.835 ; 7.835 ;
; SW[14]     ; HEX0[5]     ; 7.815 ; 7.815 ; 7.815 ; 7.815 ;
; SW[14]     ; HEX0[6]     ; 7.819 ; 7.819 ; 7.819 ; 7.819 ;
; SW[14]     ; HEX1[0]     ; 8.059 ; 8.059 ; 8.059 ; 8.059 ;
; SW[14]     ; HEX1[1]     ; 8.060 ; 8.060 ; 8.060 ; 8.060 ;
; SW[14]     ; HEX1[2]     ; 8.047 ; 7.910 ; 7.910 ; 8.047 ;
; SW[14]     ; HEX1[3]     ; 7.915 ; 7.915 ; 7.915 ; 7.915 ;
; SW[14]     ; HEX1[4]     ; 7.910 ; 8.047 ; 8.047 ; 7.910 ;
; SW[14]     ; HEX1[5]     ; 7.794 ; 7.931 ; 7.931 ; 7.794 ;
; SW[14]     ; HEX1[6]     ; 7.821 ; 7.821 ; 7.821 ; 7.821 ;
; SW[14]     ; HEX2[0]     ; 7.267 ; 7.107 ; 7.107 ; 7.267 ;
; SW[14]     ; HEX2[2]     ; 7.086 ; 7.284 ; 7.284 ; 7.086 ;
; SW[14]     ; HEX2[3]     ; 7.275 ; 7.115 ; 7.115 ; 7.275 ;
; SW[14]     ; HEX2[4]     ; 7.317 ; 7.650 ; 7.650 ; 7.317 ;
; SW[14]     ; HEX2[5]     ; 7.468 ; 7.971 ; 7.971 ; 7.468 ;
; SW[14]     ; HEX2[6]     ;       ; 7.157 ; 7.157 ;       ;
; SW[14]     ; LEDR[14]    ; 5.540 ;       ;       ; 5.540 ;
; SW[15]     ; HEX0[0]     ; 7.989 ; 7.989 ; 7.989 ; 7.989 ;
; SW[15]     ; HEX0[1]     ; 7.960 ; 7.960 ; 7.960 ; 7.960 ;
; SW[15]     ; HEX0[2]     ; 7.973 ; 7.973 ; 7.973 ; 7.973 ;
; SW[15]     ; HEX0[3]     ; 7.875 ; 7.875 ; 7.875 ; 7.875 ;
; SW[15]     ; HEX0[4]     ; 7.875 ; 7.875 ; 7.875 ; 7.875 ;
; SW[15]     ; HEX0[5]     ; 7.853 ; 7.853 ; 7.853 ; 7.853 ;
; SW[15]     ; HEX0[6]     ; 7.858 ; 7.858 ; 7.858 ; 7.858 ;
; SW[15]     ; HEX1[0]     ; 8.519 ; 8.519 ; 8.519 ; 8.519 ;
; SW[15]     ; HEX1[1]     ; 8.520 ; 8.520 ; 8.520 ; 8.520 ;
; SW[15]     ; HEX1[2]     ; 8.377 ; 8.377 ; 8.377 ; 8.377 ;
; SW[15]     ; HEX1[3]     ; 8.377 ; 8.377 ; 8.377 ; 8.377 ;
; SW[15]     ; HEX1[4]     ; 8.459 ; 8.373 ; 8.373 ; 8.459 ;
; SW[15]     ; HEX1[5]     ; 8.263 ; 8.263 ; 8.263 ; 8.263 ;
; SW[15]     ; HEX1[6]     ; 8.278 ; 8.278 ; 8.278 ; 8.278 ;
; SW[15]     ; HEX2[0]     ; 7.176 ; 7.061 ; 7.061 ; 7.176 ;
; SW[15]     ; HEX2[2]     ; 7.040 ; 7.193 ; 7.193 ; 7.040 ;
; SW[15]     ; HEX2[3]     ; 7.184 ; 7.069 ; 7.069 ; 7.184 ;
; SW[15]     ; HEX2[4]     ; 7.226 ; 7.577 ; 7.577 ; 7.226 ;
; SW[15]     ; HEX2[5]     ; 7.422 ; 7.898 ; 7.898 ; 7.422 ;
; SW[15]     ; HEX2[6]     ;       ; 7.111 ; 7.111 ;       ;
; SW[15]     ; LEDR[15]    ; 5.673 ;       ;       ; 5.673 ;
; SW[16]     ; HEX0[0]     ; 8.219 ; 8.219 ; 8.219 ; 8.219 ;
; SW[16]     ; HEX0[1]     ; 8.190 ; 8.190 ; 8.190 ; 8.190 ;
; SW[16]     ; HEX0[2]     ; 8.203 ; 8.203 ; 8.203 ; 8.203 ;
; SW[16]     ; HEX0[3]     ; 8.105 ; 8.105 ; 8.105 ; 8.105 ;
; SW[16]     ; HEX0[4]     ; 8.105 ; 8.105 ; 8.105 ; 8.105 ;
; SW[16]     ; HEX0[5]     ; 8.083 ; 8.083 ; 8.083 ; 8.083 ;
; SW[16]     ; HEX0[6]     ; 8.088 ; 8.088 ; 8.088 ; 8.088 ;
; SW[16]     ; HEX1[0]     ; 8.336 ; 8.336 ; 8.336 ; 8.336 ;
; SW[16]     ; HEX1[1]     ; 8.337 ; 8.337 ; 8.337 ; 8.337 ;
; SW[16]     ; HEX1[2]     ; 8.232 ; 8.187 ; 8.187 ; 8.232 ;
; SW[16]     ; HEX1[3]     ; 8.192 ; 8.192 ; 8.192 ; 8.192 ;
; SW[16]     ; HEX1[4]     ; 8.187 ; 8.228 ; 8.228 ; 8.187 ;
; SW[16]     ; HEX1[5]     ; 8.071 ; 8.118 ; 8.118 ; 8.071 ;
; SW[16]     ; HEX1[6]     ; 8.098 ; 8.098 ; 8.098 ; 8.098 ;
; SW[16]     ; HEX2[0]     ; 7.218 ; 7.014 ; 7.014 ; 7.218 ;
; SW[16]     ; HEX2[2]     ; 6.993 ; 7.235 ; 7.235 ; 6.993 ;
; SW[16]     ; HEX2[3]     ; 7.226 ; 7.022 ; 7.022 ; 7.226 ;
; SW[16]     ; HEX2[4]     ; 7.268 ; 7.585 ; 7.585 ; 7.268 ;
; SW[16]     ; HEX2[5]     ; 7.375 ; 7.906 ; 7.906 ; 7.375 ;
; SW[16]     ; HEX2[6]     ;       ; 7.064 ; 7.064 ;       ;
; SW[16]     ; LEDR[16]    ; 5.680 ;       ;       ; 5.680 ;
; SW[17]     ; HEX0[0]     ; 8.196 ; 8.196 ; 8.196 ; 8.196 ;
; SW[17]     ; HEX0[1]     ; 8.167 ; 8.167 ; 8.167 ; 8.167 ;
; SW[17]     ; HEX0[2]     ; 8.180 ; 8.180 ; 8.180 ; 8.180 ;
; SW[17]     ; HEX0[3]     ; 8.082 ; 8.082 ; 8.082 ; 8.082 ;
; SW[17]     ; HEX0[4]     ; 8.082 ; 8.082 ; 8.082 ; 8.082 ;
; SW[17]     ; HEX0[5]     ; 8.060 ; 8.060 ; 8.060 ; 8.060 ;
; SW[17]     ; HEX0[6]     ; 8.065 ; 8.065 ; 8.065 ; 8.065 ;
; SW[17]     ; HEX1[0]     ; 8.390 ; 8.390 ; 8.390 ; 8.390 ;
; SW[17]     ; HEX1[1]     ; 8.391 ; 8.391 ; 8.391 ; 8.391 ;
; SW[17]     ; HEX1[2]     ; 8.248 ; 8.248 ; 8.248 ; 8.248 ;
; SW[17]     ; HEX1[3]     ; 8.248 ; 8.248 ; 8.248 ; 8.248 ;
; SW[17]     ; HEX1[4]     ; 8.292 ; 8.244 ; 8.244 ; 8.292 ;
; SW[17]     ; HEX1[5]     ; 8.134 ; 8.134 ; 8.134 ; 8.134 ;
; SW[17]     ; HEX1[6]     ; 8.149 ; 8.149 ; 8.149 ; 8.149 ;
; SW[17]     ; HEX2[0]     ; 7.118 ; 6.967 ; 6.967 ; 7.118 ;
; SW[17]     ; HEX2[2]     ; 6.946 ; 7.135 ; 7.135 ; 6.946 ;
; SW[17]     ; HEX2[3]     ; 7.126 ; 6.975 ; 6.975 ; 7.126 ;
; SW[17]     ; HEX2[4]     ; 7.168 ; 7.643 ; 7.643 ; 7.168 ;
; SW[17]     ; HEX2[5]     ; 7.328 ; 7.964 ; 7.964 ; 7.328 ;
; SW[17]     ; HEX2[6]     ;       ; 7.017 ; 7.017 ;       ;
; SW[17]     ; LEDR[17]    ; 5.526 ;       ;       ; 5.526 ;
+------------+-------------+-------+-------+-------+-------+


+----------------------------------------------------------------------------+
; Multicorner Timing Analysis Summary                                        ;
+------------------+-------+------+----------+---------+---------------------+
; Clock            ; Setup ; Hold ; Recovery ; Removal ; Minimum Pulse Width ;
+------------------+-------+------+----------+---------+---------------------+
; Worst-case Slack ; N/A   ; N/A  ; N/A      ; N/A     ; N/A                 ;
; Design-wide TNS  ; 0.0   ; 0.0  ; 0.0      ; 0.0     ; 0.0                 ;
+------------------+-------+------+----------+---------+---------------------+


+--------------------------------------------------------------+
; Progagation Delay                                            ;
+------------+-------------+--------+--------+--------+--------+
; Input Port ; Output Port ; RR     ; RF     ; FR     ; FF     ;
+------------+-------------+--------+--------+--------+--------+
; SW[0]      ; LEDR[0]     ; 5.616  ;        ;        ; 5.616  ;
; SW[1]      ; LEDR[1]     ; 5.677  ;        ;        ; 5.677  ;
; SW[2]      ; LEDR[2]     ; 5.135  ;        ;        ; 5.135  ;
; SW[3]      ; LEDR[3]     ; 5.425  ;        ;        ; 5.425  ;
; SW[4]      ; LEDR[4]     ; 5.280  ;        ;        ; 5.280  ;
; SW[5]      ; LEDR[5]     ; 5.702  ;        ;        ; 5.702  ;
; SW[6]      ; LEDR[6]     ; 5.338  ;        ;        ; 5.338  ;
; SW[7]      ; LEDR[7]     ; 6.279  ;        ;        ; 6.279  ;
; SW[8]      ; LEDR[8]     ; 5.868  ;        ;        ; 5.868  ;
; SW[9]      ; LEDR[9]     ; 6.210  ;        ;        ; 6.210  ;
; SW[10]     ; HEX0[0]     ; 6.915  ; 6.915  ; 6.915  ; 6.915  ;
; SW[10]     ; HEX0[1]     ; 6.890  ; 6.890  ; 6.890  ; 6.890  ;
; SW[10]     ; HEX0[2]     ;        ; 6.903  ; 6.903  ;        ;
; SW[10]     ; HEX0[3]     ; 6.676  ; 6.676  ; 6.676  ; 6.676  ;
; SW[10]     ; HEX0[4]     ; 6.673  ;        ;        ; 6.673  ;
; SW[10]     ; HEX0[5]     ; 6.654  ;        ;        ; 6.654  ;
; SW[10]     ; HEX0[6]     ; 6.659  ; 6.659  ; 6.659  ; 6.659  ;
; SW[10]     ; LEDR[10]    ; 5.682  ;        ;        ; 5.682  ;
; SW[11]     ; HEX0[0]     ; 10.514 ; 10.514 ; 10.514 ; 10.514 ;
; SW[11]     ; HEX0[1]     ; 10.491 ; 10.491 ; 10.491 ; 10.491 ;
; SW[11]     ; HEX0[2]     ; 10.505 ; 10.505 ; 10.505 ; 10.505 ;
; SW[11]     ; HEX0[3]     ; 10.279 ; 10.279 ; 10.279 ; 10.279 ;
; SW[11]     ; HEX0[4]     ; 10.277 ; 10.277 ; 10.277 ; 10.277 ;
; SW[11]     ; HEX0[5]     ; 10.253 ; 10.253 ; 10.253 ; 10.253 ;
; SW[11]     ; HEX0[6]     ; 10.261 ; 10.261 ; 10.261 ; 10.261 ;
; SW[11]     ; HEX1[0]     ; 10.435 ; 10.435 ; 10.435 ; 10.435 ;
; SW[11]     ; HEX1[1]     ; 10.445 ; 10.445 ; 10.445 ; 10.445 ;
; SW[11]     ; HEX1[2]     ;        ; 10.250 ; 10.250 ;        ;
; SW[11]     ; HEX1[3]     ; 10.255 ; 10.255 ; 10.255 ; 10.255 ;
; SW[11]     ; HEX1[4]     ; 10.231 ;        ;        ; 10.231 ;
; SW[11]     ; HEX1[5]     ; 9.980  ;        ;        ; 9.980  ;
; SW[11]     ; HEX1[6]     ; 10.007 ; 10.007 ; 10.007 ; 10.007 ;
; SW[11]     ; LEDR[11]    ; 5.639  ;        ;        ; 5.639  ;
; SW[12]     ; HEX0[0]     ; 13.680 ; 13.680 ; 13.680 ; 13.680 ;
; SW[12]     ; HEX0[1]     ; 13.657 ; 13.657 ; 13.657 ; 13.657 ;
; SW[12]     ; HEX0[2]     ; 13.671 ; 13.671 ; 13.671 ; 13.671 ;
; SW[12]     ; HEX0[3]     ; 13.445 ; 13.445 ; 13.445 ; 13.445 ;
; SW[12]     ; HEX0[4]     ; 13.443 ; 13.443 ; 13.443 ; 13.443 ;
; SW[12]     ; HEX0[5]     ; 13.419 ; 13.419 ; 13.419 ; 13.419 ;
; SW[12]     ; HEX0[6]     ; 13.427 ; 13.427 ; 13.427 ; 13.427 ;
; SW[12]     ; HEX1[0]     ; 15.163 ; 15.163 ; 15.163 ; 15.163 ;
; SW[12]     ; HEX1[1]     ; 15.173 ; 15.173 ; 15.173 ; 15.173 ;
; SW[12]     ; HEX1[2]     ; 14.987 ; 14.987 ; 14.987 ; 14.987 ;
; SW[12]     ; HEX1[3]     ; 14.983 ; 14.983 ; 14.983 ; 14.983 ;
; SW[12]     ; HEX1[4]     ; 14.957 ; 14.957 ; 14.957 ; 14.957 ;
; SW[12]     ; HEX1[5]     ; 14.719 ; 14.719 ; 14.719 ; 14.719 ;
; SW[12]     ; HEX1[6]     ; 14.735 ; 14.735 ; 14.735 ; 14.735 ;
; SW[12]     ; HEX2[0]     ; 9.857  ;        ;        ; 9.857  ;
; SW[12]     ; HEX2[2]     ;        ; 9.824  ; 9.824  ;        ;
; SW[12]     ; HEX2[3]     ; 9.855  ;        ;        ; 9.855  ;
; SW[12]     ; HEX2[4]     ; 9.954  ;        ;        ; 9.954  ;
; SW[12]     ; HEX2[5]     ; 10.759 ;        ;        ; 10.759 ;
; SW[12]     ; LEDR[12]    ; 5.701  ;        ;        ; 5.701  ;
; SW[13]     ; HEX0[0]     ; 20.473 ; 20.473 ; 20.473 ; 20.473 ;
; SW[13]     ; HEX0[1]     ; 20.450 ; 20.450 ; 20.450 ; 20.450 ;
; SW[13]     ; HEX0[2]     ; 20.464 ; 20.464 ; 20.464 ; 20.464 ;
; SW[13]     ; HEX0[3]     ; 20.238 ; 20.238 ; 20.238 ; 20.238 ;
; SW[13]     ; HEX0[4]     ; 20.236 ; 20.236 ; 20.236 ; 20.236 ;
; SW[13]     ; HEX0[5]     ; 20.212 ; 20.212 ; 20.212 ; 20.212 ;
; SW[13]     ; HEX0[6]     ; 20.220 ; 20.220 ; 20.220 ; 20.220 ;
; SW[13]     ; HEX1[0]     ; 21.907 ; 21.907 ; 21.907 ; 21.907 ;
; SW[13]     ; HEX1[1]     ; 21.917 ; 21.917 ; 21.917 ; 21.917 ;
; SW[13]     ; HEX1[2]     ; 21.731 ; 21.731 ; 21.731 ; 21.731 ;
; SW[13]     ; HEX1[3]     ; 21.727 ; 21.727 ; 21.727 ; 21.727 ;
; SW[13]     ; HEX1[4]     ; 21.701 ; 21.701 ; 21.701 ; 21.701 ;
; SW[13]     ; HEX1[5]     ; 21.463 ; 21.463 ; 21.463 ; 21.463 ;
; SW[13]     ; HEX1[6]     ; 21.479 ; 21.479 ; 21.479 ; 21.479 ;
; SW[13]     ; HEX2[0]     ; 15.492 ; 15.436 ; 15.436 ; 15.492 ;
; SW[13]     ; HEX2[2]     ; 15.403 ; 15.459 ; 15.459 ; 15.403 ;
; SW[13]     ; HEX2[3]     ; 15.490 ; 15.434 ; 15.434 ; 15.490 ;
; SW[13]     ; HEX2[4]     ; 15.589 ; 15.533 ; 15.533 ; 15.589 ;
; SW[13]     ; HEX2[5]     ; 16.394 ; 16.338 ; 16.338 ; 16.394 ;
; SW[13]     ; HEX2[6]     ;        ; 13.508 ; 13.508 ;        ;
; SW[13]     ; LEDR[13]    ; 9.620  ;        ;        ; 9.620  ;
; SW[14]     ; HEX0[0]     ; 23.603 ; 23.603 ; 23.603 ; 23.603 ;
; SW[14]     ; HEX0[1]     ; 23.580 ; 23.580 ; 23.580 ; 23.580 ;
; SW[14]     ; HEX0[2]     ; 23.594 ; 23.594 ; 23.594 ; 23.594 ;
; SW[14]     ; HEX0[3]     ; 23.368 ; 23.368 ; 23.368 ; 23.368 ;
; SW[14]     ; HEX0[4]     ; 23.366 ; 23.366 ; 23.366 ; 23.366 ;
; SW[14]     ; HEX0[5]     ; 23.342 ; 23.342 ; 23.342 ; 23.342 ;
; SW[14]     ; HEX0[6]     ; 23.350 ; 23.350 ; 23.350 ; 23.350 ;
; SW[14]     ; HEX1[0]     ; 24.305 ; 24.305 ; 24.305 ; 24.305 ;
; SW[14]     ; HEX1[1]     ; 24.315 ; 24.315 ; 24.315 ; 24.315 ;
; SW[14]     ; HEX1[2]     ; 24.129 ; 24.129 ; 24.129 ; 24.129 ;
; SW[14]     ; HEX1[3]     ; 24.125 ; 24.125 ; 24.125 ; 24.125 ;
; SW[14]     ; HEX1[4]     ; 24.099 ; 24.099 ; 24.099 ; 24.099 ;
; SW[14]     ; HEX1[5]     ; 23.861 ; 23.861 ; 23.861 ; 23.861 ;
; SW[14]     ; HEX1[6]     ; 23.877 ; 23.877 ; 23.877 ; 23.877 ;
; SW[14]     ; HEX2[0]     ; 15.152 ; 15.096 ; 15.096 ; 15.152 ;
; SW[14]     ; HEX2[2]     ; 15.063 ; 15.119 ; 15.119 ; 15.063 ;
; SW[14]     ; HEX2[3]     ; 15.150 ; 15.094 ; 15.094 ; 15.150 ;
; SW[14]     ; HEX2[4]     ; 15.249 ; 15.193 ; 15.193 ; 15.249 ;
; SW[14]     ; HEX2[5]     ; 16.054 ; 15.998 ; 15.998 ; 16.054 ;
; SW[14]     ; HEX2[6]     ;        ; 13.168 ; 13.168 ;        ;
; SW[14]     ; LEDR[14]    ; 9.660  ;        ;        ; 9.660  ;
; SW[15]     ; HEX0[0]     ; 24.787 ; 24.787 ; 24.787 ; 24.787 ;
; SW[15]     ; HEX0[1]     ; 24.764 ; 24.764 ; 24.764 ; 24.764 ;
; SW[15]     ; HEX0[2]     ; 24.778 ; 24.778 ; 24.778 ; 24.778 ;
; SW[15]     ; HEX0[3]     ; 24.552 ; 24.552 ; 24.552 ; 24.552 ;
; SW[15]     ; HEX0[4]     ; 24.550 ; 24.550 ; 24.550 ; 24.550 ;
; SW[15]     ; HEX0[5]     ; 24.526 ; 24.526 ; 24.526 ; 24.526 ;
; SW[15]     ; HEX0[6]     ; 24.534 ; 24.534 ; 24.534 ; 24.534 ;
; SW[15]     ; HEX1[0]     ; 26.432 ; 26.432 ; 26.432 ; 26.432 ;
; SW[15]     ; HEX1[1]     ; 26.442 ; 26.442 ; 26.442 ; 26.442 ;
; SW[15]     ; HEX1[2]     ; 26.256 ; 26.256 ; 26.256 ; 26.256 ;
; SW[15]     ; HEX1[3]     ; 26.252 ; 26.252 ; 26.252 ; 26.252 ;
; SW[15]     ; HEX1[4]     ; 26.226 ; 26.226 ; 26.226 ; 26.226 ;
; SW[15]     ; HEX1[5]     ; 25.988 ; 25.988 ; 25.988 ; 25.988 ;
; SW[15]     ; HEX1[6]     ; 26.004 ; 26.004 ; 26.004 ; 26.004 ;
; SW[15]     ; HEX2[0]     ; 15.082 ; 15.026 ; 15.026 ; 15.082 ;
; SW[15]     ; HEX2[2]     ; 14.993 ; 15.049 ; 15.049 ; 14.993 ;
; SW[15]     ; HEX2[3]     ; 15.080 ; 15.024 ; 15.024 ; 15.080 ;
; SW[15]     ; HEX2[4]     ; 15.179 ; 15.123 ; 15.123 ; 15.179 ;
; SW[15]     ; HEX2[5]     ; 15.984 ; 15.928 ; 15.928 ; 15.984 ;
; SW[15]     ; HEX2[6]     ;        ; 13.098 ; 13.098 ;        ;
; SW[15]     ; LEDR[15]    ; 9.940  ;        ;        ; 9.940  ;
; SW[16]     ; HEX0[0]     ; 25.237 ; 25.237 ; 25.237 ; 25.237 ;
; SW[16]     ; HEX0[1]     ; 25.214 ; 25.214 ; 25.214 ; 25.214 ;
; SW[16]     ; HEX0[2]     ; 25.228 ; 25.228 ; 25.228 ; 25.228 ;
; SW[16]     ; HEX0[3]     ; 25.002 ; 25.002 ; 25.002 ; 25.002 ;
; SW[16]     ; HEX0[4]     ; 25.000 ; 25.000 ; 25.000 ; 25.000 ;
; SW[16]     ; HEX0[5]     ; 24.976 ; 24.976 ; 24.976 ; 24.976 ;
; SW[16]     ; HEX0[6]     ; 24.984 ; 24.984 ; 24.984 ; 24.984 ;
; SW[16]     ; HEX1[0]     ; 25.877 ; 25.877 ; 25.877 ; 25.877 ;
; SW[16]     ; HEX1[1]     ; 25.887 ; 25.887 ; 25.887 ; 25.887 ;
; SW[16]     ; HEX1[2]     ; 25.701 ; 25.701 ; 25.701 ; 25.701 ;
; SW[16]     ; HEX1[3]     ; 25.697 ; 25.697 ; 25.697 ; 25.697 ;
; SW[16]     ; HEX1[4]     ; 25.671 ; 25.671 ; 25.671 ; 25.671 ;
; SW[16]     ; HEX1[5]     ; 25.433 ; 25.433 ; 25.433 ; 25.433 ;
; SW[16]     ; HEX1[6]     ; 25.449 ; 25.449 ; 25.449 ; 25.449 ;
; SW[16]     ; HEX2[0]     ; 14.967 ; 14.911 ; 14.911 ; 14.967 ;
; SW[16]     ; HEX2[2]     ; 14.878 ; 14.934 ; 14.934 ; 14.878 ;
; SW[16]     ; HEX2[3]     ; 14.965 ; 14.909 ; 14.909 ; 14.965 ;
; SW[16]     ; HEX2[4]     ; 15.064 ; 15.008 ; 15.008 ; 15.064 ;
; SW[16]     ; HEX2[5]     ; 15.869 ; 15.813 ; 15.813 ; 15.869 ;
; SW[16]     ; HEX2[6]     ;        ; 12.983 ; 12.983 ;        ;
; SW[16]     ; LEDR[16]    ; 9.943  ;        ;        ; 9.943  ;
; SW[17]     ; HEX0[0]     ; 25.010 ; 25.010 ; 25.010 ; 25.010 ;
; SW[17]     ; HEX0[1]     ; 24.987 ; 24.987 ; 24.987 ; 24.987 ;
; SW[17]     ; HEX0[2]     ; 25.001 ; 25.001 ; 25.001 ; 25.001 ;
; SW[17]     ; HEX0[3]     ; 24.775 ; 24.775 ; 24.775 ; 24.775 ;
; SW[17]     ; HEX0[4]     ; 24.773 ; 24.773 ; 24.773 ; 24.773 ;
; SW[17]     ; HEX0[5]     ; 24.749 ; 24.749 ; 24.749 ; 24.749 ;
; SW[17]     ; HEX0[6]     ; 24.757 ; 24.757 ; 24.757 ; 24.757 ;
; SW[17]     ; HEX1[0]     ; 25.700 ; 25.700 ; 25.700 ; 25.700 ;
; SW[17]     ; HEX1[1]     ; 25.710 ; 25.710 ; 25.710 ; 25.710 ;
; SW[17]     ; HEX1[2]     ; 25.524 ; 25.524 ; 25.524 ; 25.524 ;
; SW[17]     ; HEX1[3]     ; 25.520 ; 25.520 ; 25.520 ; 25.520 ;
; SW[17]     ; HEX1[4]     ; 25.494 ; 25.494 ; 25.494 ; 25.494 ;
; SW[17]     ; HEX1[5]     ; 25.256 ; 25.256 ; 25.256 ; 25.256 ;
; SW[17]     ; HEX1[6]     ; 25.272 ; 25.272 ; 25.272 ; 25.272 ;
; SW[17]     ; HEX2[0]     ; 14.872 ; 14.816 ; 14.816 ; 14.872 ;
; SW[17]     ; HEX2[2]     ; 14.783 ; 14.839 ; 14.839 ; 14.783 ;
; SW[17]     ; HEX2[3]     ; 14.870 ; 14.814 ; 14.814 ; 14.870 ;
; SW[17]     ; HEX2[4]     ; 14.969 ; 14.913 ; 14.913 ; 14.969 ;
; SW[17]     ; HEX2[5]     ; 15.774 ; 15.718 ; 15.718 ; 15.774 ;
; SW[17]     ; HEX2[6]     ;        ; 12.888 ; 12.888 ;        ;
; SW[17]     ; LEDR[17]    ; 9.629  ;        ;        ; 9.629  ;
+------------+-------------+--------+--------+--------+--------+


+----------------------------------------------------------+
; Minimum Progagation Delay                                ;
+------------+-------------+-------+-------+-------+-------+
; Input Port ; Output Port ; RR    ; RF    ; FR    ; FF    ;
+------------+-------------+-------+-------+-------+-------+
; SW[0]      ; LEDR[0]     ; 2.997 ;       ;       ; 2.997 ;
; SW[1]      ; LEDR[1]     ; 3.025 ;       ;       ; 3.025 ;
; SW[2]      ; LEDR[2]     ; 2.794 ;       ;       ; 2.794 ;
; SW[3]      ; LEDR[3]     ; 2.915 ;       ;       ; 2.915 ;
; SW[4]      ; LEDR[4]     ; 2.842 ;       ;       ; 2.842 ;
; SW[5]      ; LEDR[5]     ; 3.060 ;       ;       ; 3.060 ;
; SW[6]      ; LEDR[6]     ; 2.870 ;       ;       ; 2.870 ;
; SW[7]      ; LEDR[7]     ; 3.431 ;       ;       ; 3.431 ;
; SW[8]      ; LEDR[8]     ; 3.208 ;       ;       ; 3.208 ;
; SW[9]      ; LEDR[9]     ; 3.381 ;       ;       ; 3.381 ;
; SW[10]     ; HEX0[0]     ; 3.638 ; 3.638 ; 3.638 ; 3.638 ;
; SW[10]     ; HEX0[1]     ; 3.611 ; 3.611 ; 3.611 ; 3.611 ;
; SW[10]     ; HEX0[2]     ;       ; 3.624 ; 3.624 ;       ;
; SW[10]     ; HEX0[3]     ; 3.525 ; 3.525 ; 3.525 ; 3.525 ;
; SW[10]     ; HEX0[4]     ; 3.528 ;       ;       ; 3.528 ;
; SW[10]     ; HEX0[5]     ; 3.502 ;       ;       ; 3.502 ;
; SW[10]     ; HEX0[6]     ; 3.509 ; 3.509 ; 3.509 ; 3.509 ;
; SW[10]     ; LEDR[10]    ; 3.099 ;       ;       ; 3.099 ;
; SW[11]     ; HEX0[0]     ; 4.222 ; 4.222 ; 4.222 ; 4.222 ;
; SW[11]     ; HEX0[1]     ; 4.200 ; 4.200 ; 4.200 ; 4.200 ;
; SW[11]     ; HEX0[2]     ; 4.213 ; 4.605 ; 4.605 ; 4.213 ;
; SW[11]     ; HEX0[3]     ; 4.116 ; 4.116 ; 4.116 ; 4.116 ;
; SW[11]     ; HEX0[4]     ; 4.507 ; 4.115 ; 4.115 ; 4.507 ;
; SW[11]     ; HEX0[5]     ; 4.093 ; 4.093 ; 4.093 ; 4.093 ;
; SW[11]     ; HEX0[6]     ; 4.098 ; 4.098 ; 4.098 ; 4.098 ;
; SW[11]     ; HEX1[0]     ; 5.243 ; 5.243 ; 5.243 ; 5.243 ;
; SW[11]     ; HEX1[1]     ; 5.244 ; 5.244 ; 5.244 ; 5.244 ;
; SW[11]     ; HEX1[2]     ;       ; 5.094 ; 5.094 ;       ;
; SW[11]     ; HEX1[3]     ; 5.099 ; 5.099 ; 5.099 ; 5.099 ;
; SW[11]     ; HEX1[4]     ; 5.094 ;       ;       ; 5.094 ;
; SW[11]     ; HEX1[5]     ; 4.978 ;       ;       ; 4.978 ;
; SW[11]     ; HEX1[6]     ; 5.005 ; 5.005 ; 5.005 ; 5.005 ;
; SW[11]     ; LEDR[11]    ; 3.067 ;       ;       ; 3.067 ;
; SW[12]     ; HEX0[0]     ; 4.546 ; 4.546 ; 4.546 ; 4.546 ;
; SW[12]     ; HEX0[1]     ; 4.521 ; 5.019 ; 5.019 ; 4.521 ;
; SW[12]     ; HEX0[2]     ; 4.531 ; 4.531 ; 4.531 ; 4.531 ;
; SW[12]     ; HEX0[3]     ; 4.437 ; 4.437 ; 4.437 ; 4.437 ;
; SW[12]     ; HEX0[4]     ; 4.433 ; 4.433 ; 4.433 ; 4.433 ;
; SW[12]     ; HEX0[5]     ; 4.413 ; 4.413 ; 4.413 ; 4.413 ;
; SW[12]     ; HEX0[6]     ; 4.417 ; 4.417 ; 4.417 ; 4.417 ;
; SW[12]     ; HEX1[0]     ; 5.388 ; 5.388 ; 5.388 ; 5.388 ;
; SW[12]     ; HEX1[1]     ; 5.389 ; 5.389 ; 5.389 ; 5.389 ;
; SW[12]     ; HEX1[2]     ; 5.639 ; 5.239 ; 5.239 ; 5.639 ;
; SW[12]     ; HEX1[3]     ; 5.244 ; 5.244 ; 5.244 ; 5.244 ;
; SW[12]     ; HEX1[4]     ; 5.239 ; 5.639 ; 5.639 ; 5.239 ;
; SW[12]     ; HEX1[5]     ; 5.123 ; 5.523 ; 5.523 ; 5.123 ;
; SW[12]     ; HEX1[6]     ; 5.150 ; 5.150 ; 5.150 ; 5.150 ;
; SW[12]     ; HEX2[0]     ; 4.916 ;       ;       ; 4.916 ;
; SW[12]     ; HEX2[2]     ;       ; 4.933 ; 4.933 ;       ;
; SW[12]     ; HEX2[3]     ; 4.924 ;       ;       ; 4.924 ;
; SW[12]     ; HEX2[4]     ; 4.966 ;       ;       ; 4.966 ;
; SW[12]     ; HEX2[5]     ; 5.287 ;       ;       ; 5.287 ;
; SW[12]     ; LEDR[12]    ; 3.113 ;       ;       ; 3.113 ;
; SW[13]     ; HEX0[0]     ; 7.005 ; 7.005 ; 7.005 ; 7.005 ;
; SW[13]     ; HEX0[1]     ; 6.976 ; 6.976 ; 6.976 ; 6.976 ;
; SW[13]     ; HEX0[2]     ; 6.989 ; 6.989 ; 6.989 ; 6.989 ;
; SW[13]     ; HEX0[3]     ; 6.891 ; 6.891 ; 6.891 ; 6.891 ;
; SW[13]     ; HEX0[4]     ; 7.310 ; 6.891 ; 6.891 ; 7.310 ;
; SW[13]     ; HEX0[5]     ; 6.869 ; 6.869 ; 6.869 ; 6.869 ;
; SW[13]     ; HEX0[6]     ; 6.874 ; 6.874 ; 6.874 ; 6.874 ;
; SW[13]     ; HEX1[0]     ; 7.499 ; 7.499 ; 7.499 ; 7.499 ;
; SW[13]     ; HEX1[1]     ; 7.500 ; 7.500 ; 7.500 ; 7.500 ;
; SW[13]     ; HEX1[2]     ; 7.881 ; 7.350 ; 7.350 ; 7.881 ;
; SW[13]     ; HEX1[3]     ; 7.355 ; 7.355 ; 7.355 ; 7.355 ;
; SW[13]     ; HEX1[4]     ; 7.350 ; 7.881 ; 7.881 ; 7.350 ;
; SW[13]     ; HEX1[5]     ; 7.234 ; 7.765 ; 7.765 ; 7.234 ;
; SW[13]     ; HEX1[6]     ; 7.261 ; 7.261 ; 7.261 ; 7.261 ;
; SW[13]     ; HEX2[0]     ; 7.282 ; 7.272 ; 7.272 ; 7.282 ;
; SW[13]     ; HEX2[2]     ; 7.251 ; 7.299 ; 7.299 ; 7.251 ;
; SW[13]     ; HEX2[3]     ; 7.290 ; 7.280 ; 7.280 ; 7.290 ;
; SW[13]     ; HEX2[4]     ; 7.332 ; 7.768 ; 7.768 ; 7.332 ;
; SW[13]     ; HEX2[5]     ; 7.633 ; 8.089 ; 8.089 ; 7.633 ;
; SW[13]     ; HEX2[6]     ;       ; 7.322 ; 7.322 ;       ;
; SW[13]     ; LEDR[13]    ; 5.508 ;       ;       ; 5.508 ;
; SW[14]     ; HEX0[0]     ; 7.948 ; 7.948 ; 7.948 ; 7.948 ;
; SW[14]     ; HEX0[1]     ; 7.934 ; 7.923 ; 7.923 ; 7.934 ;
; SW[14]     ; HEX0[2]     ; 7.933 ; 7.933 ; 7.933 ; 7.933 ;
; SW[14]     ; HEX0[3]     ; 7.839 ; 7.839 ; 7.839 ; 7.839 ;
; SW[14]     ; HEX0[4]     ; 7.835 ; 7.835 ; 7.835 ; 7.835 ;
; SW[14]     ; HEX0[5]     ; 7.815 ; 7.815 ; 7.815 ; 7.815 ;
; SW[14]     ; HEX0[6]     ; 7.819 ; 7.819 ; 7.819 ; 7.819 ;
; SW[14]     ; HEX1[0]     ; 8.059 ; 8.059 ; 8.059 ; 8.059 ;
; SW[14]     ; HEX1[1]     ; 8.060 ; 8.060 ; 8.060 ; 8.060 ;
; SW[14]     ; HEX1[2]     ; 8.047 ; 7.910 ; 7.910 ; 8.047 ;
; SW[14]     ; HEX1[3]     ; 7.915 ; 7.915 ; 7.915 ; 7.915 ;
; SW[14]     ; HEX1[4]     ; 7.910 ; 8.047 ; 8.047 ; 7.910 ;
; SW[14]     ; HEX1[5]     ; 7.794 ; 7.931 ; 7.931 ; 7.794 ;
; SW[14]     ; HEX1[6]     ; 7.821 ; 7.821 ; 7.821 ; 7.821 ;
; SW[14]     ; HEX2[0]     ; 7.267 ; 7.107 ; 7.107 ; 7.267 ;
; SW[14]     ; HEX2[2]     ; 7.086 ; 7.284 ; 7.284 ; 7.086 ;
; SW[14]     ; HEX2[3]     ; 7.275 ; 7.115 ; 7.115 ; 7.275 ;
; SW[14]     ; HEX2[4]     ; 7.317 ; 7.650 ; 7.650 ; 7.317 ;
; SW[14]     ; HEX2[5]     ; 7.468 ; 7.971 ; 7.971 ; 7.468 ;
; SW[14]     ; HEX2[6]     ;       ; 7.157 ; 7.157 ;       ;
; SW[14]     ; LEDR[14]    ; 5.540 ;       ;       ; 5.540 ;
; SW[15]     ; HEX0[0]     ; 7.989 ; 7.989 ; 7.989 ; 7.989 ;
; SW[15]     ; HEX0[1]     ; 7.960 ; 7.960 ; 7.960 ; 7.960 ;
; SW[15]     ; HEX0[2]     ; 7.973 ; 7.973 ; 7.973 ; 7.973 ;
; SW[15]     ; HEX0[3]     ; 7.875 ; 7.875 ; 7.875 ; 7.875 ;
; SW[15]     ; HEX0[4]     ; 7.875 ; 7.875 ; 7.875 ; 7.875 ;
; SW[15]     ; HEX0[5]     ; 7.853 ; 7.853 ; 7.853 ; 7.853 ;
; SW[15]     ; HEX0[6]     ; 7.858 ; 7.858 ; 7.858 ; 7.858 ;
; SW[15]     ; HEX1[0]     ; 8.519 ; 8.519 ; 8.519 ; 8.519 ;
; SW[15]     ; HEX1[1]     ; 8.520 ; 8.520 ; 8.520 ; 8.520 ;
; SW[15]     ; HEX1[2]     ; 8.377 ; 8.377 ; 8.377 ; 8.377 ;
; SW[15]     ; HEX1[3]     ; 8.377 ; 8.377 ; 8.377 ; 8.377 ;
; SW[15]     ; HEX1[4]     ; 8.459 ; 8.373 ; 8.373 ; 8.459 ;
; SW[15]     ; HEX1[5]     ; 8.263 ; 8.263 ; 8.263 ; 8.263 ;
; SW[15]     ; HEX1[6]     ; 8.278 ; 8.278 ; 8.278 ; 8.278 ;
; SW[15]     ; HEX2[0]     ; 7.176 ; 7.061 ; 7.061 ; 7.176 ;
; SW[15]     ; HEX2[2]     ; 7.040 ; 7.193 ; 7.193 ; 7.040 ;
; SW[15]     ; HEX2[3]     ; 7.184 ; 7.069 ; 7.069 ; 7.184 ;
; SW[15]     ; HEX2[4]     ; 7.226 ; 7.577 ; 7.577 ; 7.226 ;
; SW[15]     ; HEX2[5]     ; 7.422 ; 7.898 ; 7.898 ; 7.422 ;
; SW[15]     ; HEX2[6]     ;       ; 7.111 ; 7.111 ;       ;
; SW[15]     ; LEDR[15]    ; 5.673 ;       ;       ; 5.673 ;
; SW[16]     ; HEX0[0]     ; 8.219 ; 8.219 ; 8.219 ; 8.219 ;
; SW[16]     ; HEX0[1]     ; 8.190 ; 8.190 ; 8.190 ; 8.190 ;
; SW[16]     ; HEX0[2]     ; 8.203 ; 8.203 ; 8.203 ; 8.203 ;
; SW[16]     ; HEX0[3]     ; 8.105 ; 8.105 ; 8.105 ; 8.105 ;
; SW[16]     ; HEX0[4]     ; 8.105 ; 8.105 ; 8.105 ; 8.105 ;
; SW[16]     ; HEX0[5]     ; 8.083 ; 8.083 ; 8.083 ; 8.083 ;
; SW[16]     ; HEX0[6]     ; 8.088 ; 8.088 ; 8.088 ; 8.088 ;
; SW[16]     ; HEX1[0]     ; 8.336 ; 8.336 ; 8.336 ; 8.336 ;
; SW[16]     ; HEX1[1]     ; 8.337 ; 8.337 ; 8.337 ; 8.337 ;
; SW[16]     ; HEX1[2]     ; 8.232 ; 8.187 ; 8.187 ; 8.232 ;
; SW[16]     ; HEX1[3]     ; 8.192 ; 8.192 ; 8.192 ; 8.192 ;
; SW[16]     ; HEX1[4]     ; 8.187 ; 8.228 ; 8.228 ; 8.187 ;
; SW[16]     ; HEX1[5]     ; 8.071 ; 8.118 ; 8.118 ; 8.071 ;
; SW[16]     ; HEX1[6]     ; 8.098 ; 8.098 ; 8.098 ; 8.098 ;
; SW[16]     ; HEX2[0]     ; 7.218 ; 7.014 ; 7.014 ; 7.218 ;
; SW[16]     ; HEX2[2]     ; 6.993 ; 7.235 ; 7.235 ; 6.993 ;
; SW[16]     ; HEX2[3]     ; 7.226 ; 7.022 ; 7.022 ; 7.226 ;
; SW[16]     ; HEX2[4]     ; 7.268 ; 7.585 ; 7.585 ; 7.268 ;
; SW[16]     ; HEX2[5]     ; 7.375 ; 7.906 ; 7.906 ; 7.375 ;
; SW[16]     ; HEX2[6]     ;       ; 7.064 ; 7.064 ;       ;
; SW[16]     ; LEDR[16]    ; 5.680 ;       ;       ; 5.680 ;
; SW[17]     ; HEX0[0]     ; 8.196 ; 8.196 ; 8.196 ; 8.196 ;
; SW[17]     ; HEX0[1]     ; 8.167 ; 8.167 ; 8.167 ; 8.167 ;
; SW[17]     ; HEX0[2]     ; 8.180 ; 8.180 ; 8.180 ; 8.180 ;
; SW[17]     ; HEX0[3]     ; 8.082 ; 8.082 ; 8.082 ; 8.082 ;
; SW[17]     ; HEX0[4]     ; 8.082 ; 8.082 ; 8.082 ; 8.082 ;
; SW[17]     ; HEX0[5]     ; 8.060 ; 8.060 ; 8.060 ; 8.060 ;
; SW[17]     ; HEX0[6]     ; 8.065 ; 8.065 ; 8.065 ; 8.065 ;
; SW[17]     ; HEX1[0]     ; 8.390 ; 8.390 ; 8.390 ; 8.390 ;
; SW[17]     ; HEX1[1]     ; 8.391 ; 8.391 ; 8.391 ; 8.391 ;
; SW[17]     ; HEX1[2]     ; 8.248 ; 8.248 ; 8.248 ; 8.248 ;
; SW[17]     ; HEX1[3]     ; 8.248 ; 8.248 ; 8.248 ; 8.248 ;
; SW[17]     ; HEX1[4]     ; 8.292 ; 8.244 ; 8.244 ; 8.292 ;
; SW[17]     ; HEX1[5]     ; 8.134 ; 8.134 ; 8.134 ; 8.134 ;
; SW[17]     ; HEX1[6]     ; 8.149 ; 8.149 ; 8.149 ; 8.149 ;
; SW[17]     ; HEX2[0]     ; 7.118 ; 6.967 ; 6.967 ; 7.118 ;
; SW[17]     ; HEX2[2]     ; 6.946 ; 7.135 ; 7.135 ; 6.946 ;
; SW[17]     ; HEX2[3]     ; 7.126 ; 6.975 ; 6.975 ; 7.126 ;
; SW[17]     ; HEX2[4]     ; 7.168 ; 7.643 ; 7.643 ; 7.168 ;
; SW[17]     ; HEX2[5]     ; 7.328 ; 7.964 ; 7.964 ; 7.328 ;
; SW[17]     ; HEX2[6]     ;       ; 7.017 ; 7.017 ;       ;
; SW[17]     ; LEDR[17]    ; 5.526 ;       ;       ; 5.526 ;
+------------+-------------+-------+-------+-------+-------+


-------------------
; Clock Transfers ;
-------------------
Nothing to report.


---------------
; Report TCCS ;
---------------
No dedicated SERDES Transmitter circuitry present in device or used in design


---------------
; Report RSKM ;
---------------
No dedicated SERDES Receiver circuitry present in device or used in design


+------------------------------------------------+
; Unconstrained Paths                            ;
+---------------------------------+-------+------+
; Property                        ; Setup ; Hold ;
+---------------------------------+-------+------+
; Illegal Clocks                  ; 0     ; 0    ;
; Unconstrained Clocks            ; 0     ; 0    ;
; Unconstrained Input Ports       ; 18    ; 18   ;
; Unconstrained Input Port Paths  ; 158   ; 158  ;
; Unconstrained Output Ports      ; 38    ; 38   ;
; Unconstrained Output Port Paths ; 158   ; 158  ;
+---------------------------------+-------+------+


+------------------------------------+
; TimeQuest Timing Analyzer Messages ;
+------------------------------------+
Info: *******************************************************************
Info: Running Quartus II 64-Bit TimeQuest Timing Analyzer
    Info: Version 13.0.1 Build 232 06/12/2013 Service Pack 1 SJ Full Version
    Info: Processing started: Tue Jan 27 12:43:49 2015
Info: Command: quartus_sta DE2_System -c DE2_Board_top_level
Info: qsta_default_script.tcl version: #1
Info (11104): Parallel Compilation has detected 8 hyper-threaded processors. However, the extra hyper-threaded processors will not be used by default. Parallel Compilation will use 4 of the 4 physical processors detected instead.
Info (21077): Low junction temperature is 0 degrees C
Info (21077): High junction temperature is 85 degrees C
Critical Warning (332012): Synopsys Design Constraints File file not found: 'DE2_Board_top_level.sdc'. A Synopsys Design Constraints File is required by the TimeQuest Timing Analyzer to get proper timing constraints. Without it, the Compiler will not properly optimize the design.
Info (332142): No user constrained base clocks found in the design. Calling "derive_clocks -period 1.0"
Info (332096): The command derive_clocks did not find any clocks to derive.  No clocks were created or changed.
Warning (332068): No clocks defined in design.
Info: Found TIMEQUEST_REPORT_SCRIPT_INCLUDE_DEFAULT_ANALYSIS = ON
Info (332159): No clocks to report
Info: Analyzing Slow Model
Info (332140): No fmax paths to report
Info (332140): No Setup paths to report
Info (332140): No Hold paths to report
Info (332140): No Recovery paths to report
Info (332140): No Removal paths to report
Info (332140): No Minimum Pulse Width paths to report
Info (332001): The selected device family is not supported by the report_metastability command.
Info: Analyzing Fast Model
Info (332142): No user constrained base clocks found in the design. Calling "derive_clocks -period 1.0"
Info (332096): The command derive_clocks did not find any clocks to derive.  No clocks were created or changed.
Warning (332068): No clocks defined in design.
Info (332140): No Setup paths to report
Info (332140): No Hold paths to report
Info (332140): No Recovery paths to report
Info (332140): No Removal paths to report
Info (332140): No Minimum Pulse Width paths to report
Info (332001): The selected device family is not supported by the report_metastability command.
Info (332102): Design is not fully constrained for setup requirements
Info (332102): Design is not fully constrained for hold requirements
Info: Quartus II 64-Bit TimeQuest Timing Analyzer was successful. 0 errors, 3 warnings
    Info: Peak virtual memory: 437 megabytes
    Info: Processing ended: Tue Jan 27 12:43:50 2015
    Info: Elapsed time: 00:00:01
    Info: Total CPU time (on all processors): 00:00:01


