Flow report for EELE466
Tue Jan 20 13:45:51 2015
Quartus II 64-Bit Version 13.0.1 Build 232 06/12/2013 Service Pack 1 SJ Full Version


---------------------
; Table of Contents ;
---------------------
  1. Legal Notice
  2. Flow Summary
  3. Flow Settings
  4. Flow Non-Default Global Settings
  5. Flow Elapsed Time
  6. Flow OS Summary
  7. Flow Log
  8. Flow Messages
  9. Flow Suppressed Messages



----------------
; Legal Notice ;
----------------
Copyright (C) 1991-2013 Altera Corporation
Your use of Altera Corporation's design tools, logic functions 
and other software and tools, and its AMPP partner logic 
functions, and any output files from any of the foregoing 
(including device programming or simulation files), and any 
associated documentation or information are expressly subject 
to the terms and conditions of the Altera Program License 
Subscription Agreement, Altera MegaCore Function License 
Agreement, or other applicable license agreement, including, 
without limitation, that your use is for the sole purpose of 
programming logic devices manufactured by Altera and sold by 
Altera or its authorized distributors.  Please refer to the 
applicable agreement for further details.



+---------------------------------------------------------------------------------------+
; Flow Summary                                                                          ;
+------------------------------------+--------------------------------------------------+
; Flow Status                        ; Flow Failed - Tue Jan 20 13:45:51 2015           ;
; Quartus II 64-Bit Version          ; 13.0.1 Build 232 06/12/2013 SP 1 SJ Full Version ;
; Revision Name                      ; EELE466                                          ;
; Top-level Entity Name              ; DE2_Board_top_level                              ;
; Family                             ; Cyclone II                                       ;
; Device                             ; EP2C35F672C6                                     ;
; Timing Models                      ; Final                                            ;
; Total logic elements               ; 1 / 33,216 ( < 1 % )                             ;
;     Total combinational functions  ; 1 / 33,216 ( < 1 % )                             ;
;     Dedicated logic registers      ; 0 / 33,216 ( 0 % )                               ;
; Total registers                    ; 0                                                ;
; Total pins                         ; 422 / 475 ( 89 % )                               ;
; Total virtual pins                 ; 0                                                ;
; Total memory bits                  ; 0 / 483,840 ( 0 % )                              ;
; Embedded Multiplier 9-bit elements ; 0 / 70 ( 0 % )                                   ;
; Total PLLs                         ; 0 / 4 ( 0 % )                                    ;
+------------------------------------+--------------------------------------------------+


+-----------------------------------------+
; Flow Settings                           ;
+-------------------+---------------------+
; Option            ; Setting             ;
+-------------------+---------------------+
; Start date & time ; 01/20/2015 13:45:16 ;
; Main task         ; Compilation         ;
; Revision Name     ; EELE466             ;
+-------------------+---------------------+


+------------------------------------------------------------------------------------------------------------------------------------+
; Flow Non-Default Global Settings                                                                                                   ;
+-------------------------------------+---------------------------------------+---------------+---------------------+----------------+
; Assignment Name                     ; Value                                 ; Default Value ; Entity Name         ; Section Id     ;
+-------------------------------------+---------------------------------------+---------------+---------------------+----------------+
; COMPILER_SIGNATURE_ID               ; 203178705550136.142178671603148       ; --            ; --                  ; --             ;
; EDA_OUTPUT_DATA_FORMAT              ; Vhdl                                  ; --            ; --                  ; eda_simulation ;
; EDA_SIMULATION_TOOL                 ; ModelSim-Altera (VHDL)                ; <None>        ; --                  ; --             ;
; IP_TOOL_NAME                        ; RAM: 2-PORT                           ; --            ; --                  ; --             ;
; IP_TOOL_VERSION                     ; 13.0                                  ; --            ; --                  ; --             ;
; MAX_CORE_JUNCTION_TEMP              ; 85                                    ; --            ; --                  ; --             ;
; MIN_CORE_JUNCTION_TEMP              ; 0                                     ; --            ; --                  ; --             ;
; MISC_FILE                           ; lcd_sram.cmp                          ; --            ; --                  ; --             ;
; PARTITION_COLOR                     ; 16764057                              ; --            ; DE2_Board_top_level ; Top            ;
; PARTITION_FITTER_PRESERVATION_LEVEL ; PLACEMENT_AND_ROUTING                 ; --            ; DE2_Board_top_level ; Top            ;
; PARTITION_NETLIST_TYPE              ; SOURCE                                ; --            ; DE2_Board_top_level ; Top            ;
; POWER_BOARD_THERMAL_MODEL           ; None (CONSERVATIVE)                   ; --            ; --                  ; --             ;
; POWER_PRESET_COOLING_SOLUTION       ; 23 MM HEAT SINK WITH 200 LFPM AIRFLOW ; --            ; --                  ; --             ;
; PROJECT_OUTPUT_DIRECTORY            ; output_files                          ; --            ; --                  ; --             ;
; TOP_LEVEL_ENTITY                    ; DE2_Board_top_level                   ; EELE466       ; --                  ; --             ;
+-------------------------------------+---------------------------------------+---------------+---------------------+----------------+


+--------------------------------------------------------------------------------------------------------------------------+
; Flow Elapsed Time                                                                                                        ;
+----------------------+--------------+-------------------------+---------------------+------------------------------------+
; Module Name          ; Elapsed Time ; Average Processors Used ; Peak Virtual Memory ; Total CPU Time (on all processors) ;
+----------------------+--------------+-------------------------+---------------------+------------------------------------+
; Analysis & Synthesis ; 00:00:02     ; 1.0                     ; 501 MB              ; 00:00:01                           ;
; Fitter               ; 00:00:02     ; 1.0                     ; 665 MB              ; 00:00:01                           ;
; Fitter               ; 00:00:02     ; 1.0                     ; 665 MB              ; 00:00:01                           ;
; Total                ; 00:00:06     ; --                      ; --                  ; 00:00:03                           ;
+----------------------+--------------+-------------------------+---------------------+------------------------------------+


+-----------------------------------------------------------------------------------+
; Flow OS Summary                                                                   ;
+----------------------+------------------+-----------+------------+----------------+
; Module Name          ; Machine Hostname ; OS Name   ; OS Version ; Processor type ;
+----------------------+------------------+-----------+------------+----------------+
; Analysis & Synthesis ; bz-ece-cb60104   ; Windows 7 ; 6.1        ; x86_64         ;
; Fitter               ; bz-ece-cb60104   ; Windows 7 ; 6.1        ; x86_64         ;
; Fitter               ; bz-ece-cb60104   ; Windows 7 ; 6.1        ; x86_64         ;
+----------------------+------------------+-----------+------------+----------------+


------------
; Flow Log ;
------------
quartus_map --read_settings_files=on --write_settings_files=off EELE466 -c EELE466
quartus_fit --read_settings_files=off --write_settings_files=off EELE466 -c EELE466
quartus_fit --read_settings_files=on --write_settings_files=off EELE466 -c EELE466



